{"/Users/rajivchaudhri/Documents/GitHubApps/PosApp/PosSellApp/backend/middleware/auth.js": {"path":"/Users/rajivchaudhri/Documents/GitHubApps/PosApp/PosSellApp/backend/middleware/auth.js","statementMap":{"0":{"start":{"line":1,"column":12},"end":{"line":1,"column":35}},"1":{"start":{"line":2,"column":31},"end":{"line":2,"column":51}},"2":{"start":{"line":5,"column":24},"end":{"line":29,"column":1}},"3":{"start":{"line":32,"column":26},"end":{"line":75,"column":1}},"4":{"start":{"line":33,"column":2},"end":{"line":74,"column":3}},"5":{"start":{"line":34,"column":23},"end":{"line":34,"column":51}},"6":{"start":{"line":35,"column":18},"end":{"line":35,"column":56}},"7":{"start":{"line":37,"column":4},"end":{"line":41,"column":5}},"8":{"start":{"line":38,"column":6},"end":{"line":40,"column":9}},"9":{"start":{"line":44,"column":20},"end":{"line":44,"column":61}},"10":{"start":{"line":47,"column":17},"end":{"line":47,"column":52}},"11":{"start":{"line":48,"column":4},"end":{"line":52,"column":5}},"12":{"start":{"line":49,"column":6},"end":{"line":51,"column":9}},"13":{"start":{"line":55,"column":4},"end":{"line":59,"column":5}},"14":{"start":{"line":56,"column":6},"end":{"line":58,"column":9}},"15":{"start":{"line":62,"column":4},"end":{"line":62,"column":20}},"16":{"start":{"line":63,"column":4},"end":{"line":63,"column":11}},"17":{"start":{"line":65,"column":4},"end":{"line":69,"column":5}},"18":{"start":{"line":66,"column":6},"end":{"line":68,"column":9}},"19":{"start":{"line":70,"column":4},"end":{"line":70,"column":50}},"20":{"start":{"line":71,"column":4},"end":{"line":73,"column":7}},"21":{"start":{"line":78,"column":20},"end":{"line":94,"column":1}},"22":{"start":{"line":79,"column":2},"end":{"line":93,"column":4}},"23":{"start":{"line":80,"column":4},"end":{"line":84,"column":5}},"24":{"start":{"line":81,"column":6},"end":{"line":83,"column":9}},"25":{"start":{"line":86,"column":4},"end":{"line":90,"column":5}},"26":{"start":{"line":87,"column":6},"end":{"line":89,"column":9}},"27":{"start":{"line":92,"column":4},"end":{"line":92,"column":11}},"28":{"start":{"line":97,"column":26},"end":{"line":114,"column":1}},"29":{"start":{"line":98,"column":2},"end":{"line":113,"column":4}},"30":{"start":{"line":99,"column":4},"end":{"line":103,"column":5}},"31":{"start":{"line":100,"column":6},"end":{"line":102,"column":9}},"32":{"start":{"line":105,"column":28},"end":{"line":105,"column":64}},"33":{"start":{"line":106,"column":4},"end":{"line":110,"column":5}},"34":{"start":{"line":107,"column":6},"end":{"line":109,"column":9}},"35":{"start":{"line":112,"column":4},"end":{"line":112,"column":11}},"36":{"start":{"line":117,"column":30},"end":{"line":163,"column":1}},"37":{"start":{"line":118,"column":2},"end":{"line":122,"column":3}},"38":{"start":{"line":119,"column":4},"end":{"line":121,"column":7}},"39":{"start":{"line":124,"column":26},"end":{"line":124,"column":62}},"40":{"start":{"line":127,"column":2},"end":{"line":129,"column":3}},"41":{"start":{"line":128,"column":4},"end":{"line":128,"column":18}},"42":{"start":{"line":132,"column":2},"end":{"line":162,"column":3}},"43":{"start":{"line":133,"column":23},"end":{"line":133,"column":94}},"44":{"start":{"line":135,"column":4},"end":{"line":139,"column":5}},"45":{"start":{"line":136,"column":6},"end":{"line":138,"column":9}},"46":{"start":{"line":142,"column":4},"end":{"line":159,"column":7}},"47":{"start":{"line":148,"column":6},"end":{"line":152,"column":7}},"48":{"start":{"line":149,"column":8},"end":{"line":151,"column":11}},"49":{"start":{"line":153,"column":6},"end":{"line":153,"column":13}},"50":{"start":{"line":155,"column":6},"end":{"line":155,"column":59}},"51":{"start":{"line":156,"column":6},"end":{"line":158,"column":9}},"52":{"start":{"line":161,"column":4},"end":{"line":161,"column":11}},"53":{"start":{"line":165,"column":0},"end":{"line":170,"column":2}}},"fnMap":{"0":{"name":"(anonymous_0)","decl":{"start":{"line":32,"column":26},"end":{"line":32,"column":27}},"loc":{"start":{"line":32,"column":52},"end":{"line":75,"column":1}},"line":32},"1":{"name":"(anonymous_1)","decl":{"start":{"line":78,"column":20},"end":{"line":78,"column":21}},"loc":{"start":{"line":78,"column":31},"end":{"line":94,"column":1}},"line":78},"2":{"name":"(anonymous_2)","decl":{"start":{"line":79,"column":9},"end":{"line":79,"column":10}},"loc":{"start":{"line":79,"column":29},"end":{"line":93,"column":3}},"line":79},"3":{"name":"(anonymous_3)","decl":{"start":{"line":97,"column":26},"end":{"line":97,"column":27}},"loc":{"start":{"line":97,"column":42},"end":{"line":114,"column":1}},"line":97},"4":{"name":"(anonymous_4)","decl":{"start":{"line":98,"column":9},"end":{"line":98,"column":10}},"loc":{"start":{"line":98,"column":29},"end":{"line":113,"column":3}},"line":98},"5":{"name":"(anonymous_5)","decl":{"start":{"line":117,"column":30},"end":{"line":117,"column":31}},"loc":{"start":{"line":117,"column":50},"end":{"line":163,"column":1}},"line":117},"6":{"name":"(anonymous_6)","decl":{"start":{"line":147,"column":12},"end":{"line":147,"column":13}},"loc":{"start":{"line":147,"column":28},"end":{"line":154,"column":5}},"line":147},"7":{"name":"(anonymous_7)","decl":{"start":{"line":154,"column":13},"end":{"line":154,"column":14}},"loc":{"start":{"line":154,"column":22},"end":{"line":159,"column":5}},"line":154}},"branchMap":{"0":{"loc":{"start":{"line":35,"column":18},"end":{"line":35,"column":56}},"type":"binary-expr","locations":[{"start":{"line":35,"column":18},"end":{"line":35,"column":28}},{"start":{"line":35,"column":32},"end":{"line":35,"column":56}}],"line":35},"1":{"loc":{"start":{"line":37,"column":4},"end":{"line":41,"column":5}},"type":"if","locations":[{"start":{"line":37,"column":4},"end":{"line":41,"column":5}},{"start":{},"end":{}}],"line":37},"2":{"loc":{"start":{"line":48,"column":4},"end":{"line":52,"column":5}},"type":"if","locations":[{"start":{"line":48,"column":4},"end":{"line":52,"column":5}},{"start":{},"end":{}}],"line":48},"3":{"loc":{"start":{"line":55,"column":4},"end":{"line":59,"column":5}},"type":"if","locations":[{"start":{"line":55,"column":4},"end":{"line":59,"column":5}},{"start":{},"end":{}}],"line":55},"4":{"loc":{"start":{"line":65,"column":4},"end":{"line":69,"column":5}},"type":"if","locations":[{"start":{"line":65,"column":4},"end":{"line":69,"column":5}},{"start":{},"end":{}}],"line":65},"5":{"loc":{"start":{"line":80,"column":4},"end":{"line":84,"column":5}},"type":"if","locations":[{"start":{"line":80,"column":4},"end":{"line":84,"column":5}},{"start":{},"end":{}}],"line":80},"6":{"loc":{"start":{"line":86,"column":4},"end":{"line":90,"column":5}},"type":"if","locations":[{"start":{"line":86,"column":4},"end":{"line":90,"column":5}},{"start":{},"end":{}}],"line":86},"7":{"loc":{"start":{"line":99,"column":4},"end":{"line":103,"column":5}},"type":"if","locations":[{"start":{"line":99,"column":4},"end":{"line":103,"column":5}},{"start":{},"end":{}}],"line":99},"8":{"loc":{"start":{"line":105,"column":28},"end":{"line":105,"column":64}},"type":"binary-expr","locations":[{"start":{"line":105,"column":28},"end":{"line":105,"column":58}},{"start":{"line":105,"column":62},"end":{"line":105,"column":64}}],"line":105},"9":{"loc":{"start":{"line":106,"column":4},"end":{"line":110,"column":5}},"type":"if","locations":[{"start":{"line":106,"column":4},"end":{"line":110,"column":5}},{"start":{},"end":{}}],"line":106},"10":{"loc":{"start":{"line":118,"column":2},"end":{"line":122,"column":3}},"type":"if","locations":[{"start":{"line":118,"column":2},"end":{"line":122,"column":3}},{"start":{},"end":{}}],"line":118},"11":{"loc":{"start":{"line":124,"column":26},"end":{"line":124,"column":62}},"type":"binary-expr","locations":[{"start":{"line":124,"column":26},"end":{"line":124,"column":56}},{"start":{"line":124,"column":60},"end":{"line":124,"column":62}}],"line":124},"12":{"loc":{"start":{"line":127,"column":2},"end":{"line":129,"column":3}},"type":"if","locations":[{"start":{"line":127,"column":2},"end":{"line":129,"column":3}},{"start":{},"end":{}}],"line":127},"13":{"loc":{"start":{"line":132,"column":2},"end":{"line":162,"column":3}},"type":"if","locations":[{"start":{"line":132,"column":2},"end":{"line":162,"column":3}},{"start":{"line":160,"column":9},"end":{"line":162,"column":3}}],"line":132},"14":{"loc":{"start":{"line":133,"column":23},"end":{"line":133,"column":94}},"type":"binary-expr","locations":[{"start":{"line":133,"column":23},"end":{"line":133,"column":45}},{"start":{"line":133,"column":49},"end":{"line":133,"column":70}},{"start":{"line":133,"column":74},"end":{"line":133,"column":94}}],"line":133},"15":{"loc":{"start":{"line":135,"column":4},"end":{"line":139,"column":5}},"type":"if","locations":[{"start":{"line":135,"column":4},"end":{"line":139,"column":5}},{"start":{},"end":{}}],"line":135},"16":{"loc":{"start":{"line":148,"column":6},"end":{"line":152,"column":7}},"type":"if","locations":[{"start":{"line":148,"column":6},"end":{"line":152,"column":7}},{"start":{},"end":{}}],"line":148}},"s":{"0":0,"1":0,"2":0,"3":0,"4":0,"5":0,"6":0,"7":0,"8":0,"9":0,"10":0,"11":0,"12":0,"13":0,"14":0,"15":0,"16":0,"17":0,"18":0,"19":0,"20":0,"21":0,"22":0,"23":0,"24":0,"25":0,"26":0,"27":0,"28":0,"29":0,"30":0,"31":0,"32":0,"33":0,"34":0,"35":0,"36":0,"37":0,"38":0,"39":0,"40":0,"41":0,"42":0,"43":0,"44":0,"45":0,"46":0,"47":0,"48":0,"49":0,"50":0,"51":0,"52":0,"53":0},"f":{"0":0,"1":0,"2":0,"3":0,"4":0,"5":0,"6":0,"7":0},"b":{"0":[0,0],"1":[0,0],"2":[0,0],"3":[0,0],"4":[0,0],"5":[0,0],"6":[0,0],"7":[0,0],"8":[0,0],"9":[0,0],"10":[0,0],"11":[0,0],"12":[0,0],"13":[0,0],"14":[0,0,0],"15":[0,0],"16":[0,0]}}
,"/Users/rajivchaudhri/Documents/GitHubApps/PosApp/PosSellApp/backend/middleware/errorHandler.js": {"path":"/Users/rajivchaudhri/Documents/GitHubApps/PosApp/PosSellApp/backend/middleware/errorHandler.js","statementMap":{"0":{"start":{"line":1,"column":15},"end":{"line":1,"column":41}},"1":{"start":{"line":4,"column":21},"end":{"line":66,"column":1}},"2":{"start":{"line":5,"column":14},"end":{"line":5,"column":24}},"3":{"start":{"line":6,"column":2},"end":{"line":6,"column":30}},"4":{"start":{"line":9,"column":2},"end":{"line":18,"column":5}},"5":{"start":{"line":21,"column":2},"end":{"line":24,"column":3}},"6":{"start":{"line":22,"column":20},"end":{"line":22,"column":40}},"7":{"start":{"line":23,"column":4},"end":{"line":23,"column":41}},"8":{"start":{"line":27,"column":2},"end":{"line":30,"column":3}},"9":{"start":{"line":28,"column":20},"end":{"line":28,"column":51}},"10":{"start":{"line":29,"column":4},"end":{"line":29,"column":41}},"11":{"start":{"line":33,"column":2},"end":{"line":36,"column":3}},"12":{"start":{"line":34,"column":20},"end":{"line":34,"column":80}},"13":{"start":{"line":34,"column":57},"end":{"line":34,"column":68}},"14":{"start":{"line":35,"column":4},"end":{"line":35,"column":41}},"15":{"start":{"line":39,"column":2},"end":{"line":42,"column":3}},"16":{"start":{"line":40,"column":20},"end":{"line":40,"column":61}},"17":{"start":{"line":40,"column":40},"end":{"line":40,"column":49}},"18":{"start":{"line":41,"column":4},"end":{"line":41,"column":41}},"19":{"start":{"line":45,"column":2},"end":{"line":48,"column":3}},"20":{"start":{"line":46,"column":20},"end":{"line":46,"column":37}},"21":{"start":{"line":47,"column":4},"end":{"line":47,"column":41}},"22":{"start":{"line":51,"column":2},"end":{"line":54,"column":3}},"23":{"start":{"line":52,"column":20},"end":{"line":52,"column":35}},"24":{"start":{"line":53,"column":4},"end":{"line":53,"column":41}},"25":{"start":{"line":56,"column":2},"end":{"line":59,"column":3}},"26":{"start":{"line":57,"column":20},"end":{"line":57,"column":35}},"27":{"start":{"line":58,"column":4},"end":{"line":58,"column":41}},"28":{"start":{"line":61,"column":2},"end":{"line":65,"column":5}},"29":{"start":{"line":69,"column":21},"end":{"line":70,"column":49}},"30":{"start":{"line":69,"column":29},"end":{"line":70,"column":49}},"31":{"start":{"line":70,"column":2},"end":{"line":70,"column":49}},"32":{"start":{"line":72,"column":0},"end":{"line":75,"column":2}}},"fnMap":{"0":{"name":"(anonymous_0)","decl":{"start":{"line":4,"column":21},"end":{"line":4,"column":22}},"loc":{"start":{"line":4,"column":46},"end":{"line":66,"column":1}},"line":4},"1":{"name":"(anonymous_1)","decl":{"start":{"line":34,"column":50},"end":{"line":34,"column":51}},"loc":{"start":{"line":34,"column":57},"end":{"line":34,"column":68}},"line":34},"2":{"name":"(anonymous_2)","decl":{"start":{"line":40,"column":35},"end":{"line":40,"column":36}},"loc":{"start":{"line":40,"column":40},"end":{"line":40,"column":49}},"line":40},"3":{"name":"(anonymous_3)","decl":{"start":{"line":69,"column":21},"end":{"line":69,"column":22}},"loc":{"start":{"line":69,"column":29},"end":{"line":70,"column":49}},"line":69},"4":{"name":"(anonymous_4)","decl":{"start":{"line":69,"column":29},"end":{"line":69,"column":30}},"loc":{"start":{"line":70,"column":2},"end":{"line":70,"column":49}},"line":70}},"branchMap":{"0":{"loc":{"start":{"line":21,"column":2},"end":{"line":24,"column":3}},"type":"if","locations":[{"start":{"line":21,"column":2},"end":{"line":24,"column":3}},{"start":{},"end":{}}],"line":21},"1":{"loc":{"start":{"line":27,"column":2},"end":{"line":30,"column":3}},"type":"if","locations":[{"start":{"line":27,"column":2},"end":{"line":30,"column":3}},{"start":{},"end":{}}],"line":27},"2":{"loc":{"start":{"line":33,"column":2},"end":{"line":36,"column":3}},"type":"if","locations":[{"start":{"line":33,"column":2},"end":{"line":36,"column":3}},{"start":{},"end":{}}],"line":33},"3":{"loc":{"start":{"line":39,"column":2},"end":{"line":42,"column":3}},"type":"if","locations":[{"start":{"line":39,"column":2},"end":{"line":42,"column":3}},{"start":{},"end":{}}],"line":39},"4":{"loc":{"start":{"line":45,"column":2},"end":{"line":48,"column":3}},"type":"if","locations":[{"start":{"line":45,"column":2},"end":{"line":48,"column":3}},{"start":{},"end":{}}],"line":45},"5":{"loc":{"start":{"line":51,"column":2},"end":{"line":54,"column":3}},"type":"if","locations":[{"start":{"line":51,"column":2},"end":{"line":54,"column":3}},{"start":{},"end":{}}],"line":51},"6":{"loc":{"start":{"line":56,"column":2},"end":{"line":59,"column":3}},"type":"if","locations":[{"start":{"line":56,"column":2},"end":{"line":59,"column":3}},{"start":{},"end":{}}],"line":56},"7":{"loc":{"start":{"line":61,"column":13},"end":{"line":61,"column":36}},"type":"binary-expr","locations":[{"start":{"line":61,"column":13},"end":{"line":61,"column":29}},{"start":{"line":61,"column":33},"end":{"line":61,"column":36}}],"line":61},"8":{"loc":{"start":{"line":63,"column":11},"end":{"line":63,"column":42}},"type":"binary-expr","locations":[{"start":{"line":63,"column":11},"end":{"line":63,"column":24}},{"start":{"line":63,"column":28},"end":{"line":63,"column":42}}],"line":63},"9":{"loc":{"start":{"line":64,"column":8},"end":{"line":64,"column":70}},"type":"binary-expr","locations":[{"start":{"line":64,"column":8},"end":{"line":64,"column":46}},{"start":{"line":64,"column":50},"end":{"line":64,"column":70}}],"line":64}},"s":{"0":0,"1":0,"2":0,"3":0,"4":0,"5":0,"6":0,"7":0,"8":0,"9":0,"10":0,"11":0,"12":0,"13":0,"14":0,"15":0,"16":0,"17":0,"18":0,"19":0,"20":0,"21":0,"22":0,"23":0,"24":0,"25":0,"26":0,"27":0,"28":0,"29":0,"30":0,"31":0,"32":0},"f":{"0":0,"1":0,"2":0,"3":0,"4":0},"b":{"0":[0,0],"1":[0,0],"2":[0,0],"3":[0,0],"4":[0,0],"5":[0,0],"6":[0,0],"7":[0,0],"8":[0,0],"9":[0,0]}}
,"/Users/rajivchaudhri/Documents/GitHubApps/PosApp/PosSellApp/backend/middleware/multiTenancy.js": {"path":"/Users/rajivchaudhri/Documents/GitHubApps/PosApp/PosSellApp/backend/middleware/multiTenancy.js","statementMap":{"0":{"start":{"line":1,"column":19},"end":{"line":1,"column":39}},"1":{"start":{"line":4,"column":31},"end":{"line":36,"column":1}},"2":{"start":{"line":5,"column":2},"end":{"line":35,"column":3}},"3":{"start":{"line":9,"column":21},"end":{"line":9,"column":69}},"4":{"start":{"line":11,"column":4},"end":{"line":15,"column":5}},"5":{"start":{"line":12,"column":6},"end":{"line":14,"column":9}},"6":{"start":{"line":18,"column":19},"end":{"line":18,"column":50}},"7":{"start":{"line":19,"column":4},"end":{"line":23,"column":5}},"8":{"start":{"line":20,"column":6},"end":{"line":22,"column":9}},"9":{"start":{"line":26,"column":4},"end":{"line":26,"column":28}},"10":{"start":{"line":27,"column":4},"end":{"line":27,"column":24}},"11":{"start":{"line":29,"column":4},"end":{"line":29,"column":11}},"12":{"start":{"line":31,"column":4},"end":{"line":31,"column":60}},"13":{"start":{"line":32,"column":4},"end":{"line":34,"column":7}},"14":{"start":{"line":38,"column":0},"end":{"line":38,"column":40}}},"fnMap":{"0":{"name":"(anonymous_0)","decl":{"start":{"line":4,"column":31},"end":{"line":4,"column":32}},"loc":{"start":{"line":4,"column":57},"end":{"line":36,"column":1}},"line":4}},"branchMap":{"0":{"loc":{"start":{"line":9,"column":21},"end":{"line":9,"column":69}},"type":"binary-expr","locations":[{"start":{"line":9,"column":21},"end":{"line":9,"column":47}},{"start":{"line":9,"column":51},"end":{"line":9,"column":69}}],"line":9},"1":{"loc":{"start":{"line":11,"column":4},"end":{"line":15,"column":5}},"type":"if","locations":[{"start":{"line":11,"column":4},"end":{"line":15,"column":5}},{"start":{},"end":{}}],"line":11},"2":{"loc":{"start":{"line":19,"column":4},"end":{"line":23,"column":5}},"type":"if","locations":[{"start":{"line":19,"column":4},"end":{"line":23,"column":5}},{"start":{},"end":{}}],"line":19}},"s":{"0":0,"1":0,"2":0,"3":0,"4":0,"5":0,"6":0,"7":0,"8":0,"9":0,"10":0,"11":0,"12":0,"13":0,"14":0},"f":{"0":0},"b":{"0":[0,0],"1":[0,0],"2":[0,0]}}
,"/Users/rajivchaudhri/Documents/GitHubApps/PosApp/PosSellApp/backend/middleware/rateLimit.js": {"path":"/Users/rajivchaudhri/Documents/GitHubApps/PosApp/PosSellApp/backend/middleware/rateLimit.js","statementMap":{"0":{"start":{"line":1,"column":18},"end":{"line":1,"column":47}},"1":{"start":{"line":4,"column":19},"end":{"line":12,"column":2}},"2":{"start":{"line":15,"column":20},"end":{"line":23,"column":2}},"3":{"start":{"line":26,"column":25},"end":{"line":34,"column":2}},"4":{"start":{"line":36,"column":0},"end":{"line":40,"column":2}}},"fnMap":{},"branchMap":{},"s":{"0":0,"1":0,"2":0,"3":0,"4":0},"f":{},"b":{}}
,"/Users/rajivchaudhri/Documents/GitHubApps/PosApp/PosSellApp/backend/middleware/sanitization.js": {"path":"/Users/rajivchaudhri/Documents/GitHubApps/PosApp/PosSellApp/backend/middleware/sanitization.js","statementMap":{"0":{"start":{"line":1,"column":18},"end":{"line":1,"column":38}},"1":{"start":{"line":4,"column":22},"end":{"line":38,"column":1}},"2":{"start":{"line":6,"column":2},"end":{"line":10,"column":3}},"3":{"start":{"line":7,"column":4},"end":{"line":9,"column":5}},"4":{"start":{"line":8,"column":6},"end":{"line":8,"column":56}},"5":{"start":{"line":13,"column":25},"end":{"line":24,"column":3}},"6":{"start":{"line":14,"column":4},"end":{"line":23,"column":5}},"7":{"start":{"line":15,"column":6},"end":{"line":22,"column":7}},"8":{"start":{"line":17,"column":8},"end":{"line":17,"column":46}},"9":{"start":{"line":19,"column":8},"end":{"line":19,"column":44}},"10":{"start":{"line":20,"column":13},"end":{"line":22,"column":7}},"11":{"start":{"line":21,"column":8},"end":{"line":21,"column":33}},"12":{"start":{"line":26,"column":2},"end":{"line":28,"column":3}},"13":{"start":{"line":27,"column":4},"end":{"line":27,"column":29}},"14":{"start":{"line":31,"column":2},"end":{"line":35,"column":3}},"15":{"start":{"line":32,"column":4},"end":{"line":34,"column":5}},"16":{"start":{"line":33,"column":6},"end":{"line":33,"column":58}},"17":{"start":{"line":37,"column":2},"end":{"line":37,"column":9}},"18":{"start":{"line":40,"column":0},"end":{"line":40,"column":31}}},"fnMap":{"0":{"name":"(anonymous_0)","decl":{"start":{"line":4,"column":22},"end":{"line":4,"column":23}},"loc":{"start":{"line":4,"column":42},"end":{"line":38,"column":1}},"line":4},"1":{"name":"(anonymous_1)","decl":{"start":{"line":13,"column":25},"end":{"line":13,"column":26}},"loc":{"start":{"line":13,"column":34},"end":{"line":24,"column":3}},"line":13}},"branchMap":{"0":{"loc":{"start":{"line":7,"column":4},"end":{"line":9,"column":5}},"type":"if","locations":[{"start":{"line":7,"column":4},"end":{"line":9,"column":5}},{"start":{},"end":{}}],"line":7},"1":{"loc":{"start":{"line":15,"column":6},"end":{"line":22,"column":7}},"type":"if","locations":[{"start":{"line":15,"column":6},"end":{"line":22,"column":7}},{"start":{"line":20,"column":13},"end":{"line":22,"column":7}}],"line":15},"2":{"loc":{"start":{"line":20,"column":13},"end":{"line":22,"column":7}},"type":"if","locations":[{"start":{"line":20,"column":13},"end":{"line":22,"column":7}},{"start":{},"end":{}}],"line":20},"3":{"loc":{"start":{"line":20,"column":17},"end":{"line":20,"column":66}},"type":"binary-expr","locations":[{"start":{"line":20,"column":17},"end":{"line":20,"column":45}},{"start":{"line":20,"column":49},"end":{"line":20,"column":66}}],"line":20},"4":{"loc":{"start":{"line":26,"column":2},"end":{"line":28,"column":3}},"type":"if","locations":[{"start":{"line":26,"column":2},"end":{"line":28,"column":3}},{"start":{},"end":{}}],"line":26},"5":{"loc":{"start":{"line":26,"column":6},"end":{"line":26,"column":46}},"type":"binary-expr","locations":[{"start":{"line":26,"column":6},"end":{"line":26,"column":14}},{"start":{"line":26,"column":18},"end":{"line":26,"column":46}}],"line":26},"6":{"loc":{"start":{"line":32,"column":4},"end":{"line":34,"column":5}},"type":"if","locations":[{"start":{"line":32,"column":4},"end":{"line":34,"column":5}},{"start":{},"end":{}}],"line":32}},"s":{"0":0,"1":0,"2":0,"3":0,"4":0,"5":0,"6":0,"7":0,"8":0,"9":0,"10":0,"11":0,"12":0,"13":0,"14":0,"15":0,"16":0,"17":0,"18":0},"f":{"0":0,"1":0},"b":{"0":[0,0],"1":[0,0],"2":[0,0],"3":[0,0],"4":[0,0],"5":[0,0],"6":[0,0]}}
,"/Users/rajivchaudhri/Documents/GitHubApps/PosApp/PosSellApp/backend/middleware/validation.js": {"path":"/Users/rajivchaudhri/Documents/GitHubApps/PosApp/PosSellApp/backend/middleware/validation.js","statementMap":{"0":{"start":{"line":1,"column":12},"end":{"line":1,"column":26}},"1":{"start":{"line":4,"column":17},"end":{"line":22,"column":1}},"2":{"start":{"line":5,"column":2},"end":{"line":21,"column":4}},"3":{"start":{"line":6,"column":22},"end":{"line":6,"column":70}},"4":{"start":{"line":8,"column":4},"end":{"line":18,"column":5}},"5":{"start":{"line":9,"column":21},"end":{"line":12,"column":9}},"6":{"start":{"line":9,"column":50},"end":{"line":12,"column":7}},"7":{"start":{"line":14,"column":6},"end":{"line":17,"column":9}},"8":{"start":{"line":20,"column":4},"end":{"line":20,"column":11}},"9":{"start":{"line":25,"column":16},"end":{"line":154,"column":1}},"10":{"start":{"line":156,"column":0},"end":{"line":159,"column":2}}},"fnMap":{"0":{"name":"(anonymous_0)","decl":{"start":{"line":4,"column":17},"end":{"line":4,"column":18}},"loc":{"start":{"line":4,"column":29},"end":{"line":22,"column":1}},"line":4},"1":{"name":"(anonymous_1)","decl":{"start":{"line":5,"column":9},"end":{"line":5,"column":10}},"loc":{"start":{"line":5,"column":29},"end":{"line":21,"column":3}},"line":5},"2":{"name":"(anonymous_2)","decl":{"start":{"line":9,"column":39},"end":{"line":9,"column":40}},"loc":{"start":{"line":9,"column":50},"end":{"line":12,"column":7}},"line":9}},"branchMap":{"0":{"loc":{"start":{"line":8,"column":4},"end":{"line":18,"column":5}},"type":"if","locations":[{"start":{"line":8,"column":4},"end":{"line":18,"column":5}},{"start":{},"end":{}}],"line":8}},"s":{"0":0,"1":0,"2":0,"3":0,"4":0,"5":0,"6":0,"7":0,"8":0,"9":0,"10":0},"f":{"0":0,"1":0,"2":0},"b":{"0":[0,0]}}
,"/Users/rajivchaudhri/Documents/GitHubApps/PosApp/PosSellApp/backend/models/Batch.js": {"path":"/Users/rajivchaudhri/Documents/GitHubApps/PosApp/PosSellApp/backend/models/Batch.js","statementMap":{"0":{"start":{"line":1,"column":22},"end":{"line":1,"column":42}},"1":{"start":{"line":2,"column":22},"end":{"line":2,"column":51}},"2":{"start":{"line":3,"column":15},"end":{"line":3,"column":34}},"3":{"start":{"line":4,"column":16},"end":{"line":4,"column":36}},"4":{"start":{"line":5,"column":17},"end":{"line":5,"column":38}},"5":{"start":{"line":7,"column":14},"end":{"line":74,"column":2}},"6":{"start":{"line":77,"column":0},"end":{"line":77,"column":53}},"7":{"start":{"line":78,"column":0},"end":{"line":78,"column":55}},"8":{"start":{"line":79,"column":0},"end":{"line":79,"column":57}},"9":{"start":{"line":81,"column":0},"end":{"line":81,"column":51}},"10":{"start":{"line":82,"column":0},"end":{"line":82,"column":53}},"11":{"start":{"line":83,"column":0},"end":{"line":83,"column":55}},"12":{"start":{"line":85,"column":0},"end":{"line":85,"column":23}}},"fnMap":{},"branchMap":{},"s":{"0":1,"1":1,"2":1,"3":1,"4":1,"5":1,"6":1,"7":1,"8":1,"9":1,"10":1,"11":1,"12":1},"f":{},"b":{},"_coverageSchema":"1a1c01bbd47fc00a2c39e90264f33305004495a9","hash":"f38a12ab190d94acc81f7d5ac82b994fcffa03cb"}
,"/Users/rajivchaudhri/Documents/GitHubApps/PosApp/PosSellApp/backend/models/Customer.js": {"path":"/Users/rajivchaudhri/Documents/GitHubApps/PosApp/PosSellApp/backend/models/Customer.js","statementMap":{"0":{"start":{"line":1,"column":22},"end":{"line":1,"column":42}},"1":{"start":{"line":2,"column":22},"end":{"line":2,"column":51}},"2":{"start":{"line":3,"column":15},"end":{"line":3,"column":34}},"3":{"start":{"line":5,"column":17},"end":{"line":55,"column":2}},"4":{"start":{"line":58,"column":0},"end":{"line":58,"column":56}},"5":{"start":{"line":59,"column":0},"end":{"line":59,"column":54}},"6":{"start":{"line":61,"column":0},"end":{"line":61,"column":26}}},"fnMap":{},"branchMap":{},"s":{"0":1,"1":1,"2":1,"3":1,"4":1,"5":1,"6":1},"f":{},"b":{},"_coverageSchema":"1a1c01bbd47fc00a2c39e90264f33305004495a9","hash":"b5a7f796d59f439819efdae8ac4e0bf06a71414b"}
,"/Users/rajivchaudhri/Documents/GitHubApps/PosApp/PosSellApp/backend/models/Inventory.js": {"path":"/Users/rajivchaudhri/Documents/GitHubApps/PosApp/PosSellApp/backend/models/Inventory.js","statementMap":{"0":{"start":{"line":1,"column":22},"end":{"line":1,"column":42}},"1":{"start":{"line":2,"column":22},"end":{"line":2,"column":51}},"2":{"start":{"line":3,"column":15},"end":{"line":3,"column":34}},"3":{"start":{"line":4,"column":16},"end":{"line":4,"column":36}},"4":{"start":{"line":5,"column":17},"end":{"line":5,"column":38}},"5":{"start":{"line":7,"column":18},"end":{"line":63,"column":2}},"6":{"start":{"line":66,"column":0},"end":{"line":66,"column":57}},"7":{"start":{"line":67,"column":0},"end":{"line":67,"column":59}},"8":{"start":{"line":68,"column":0},"end":{"line":68,"column":61}},"9":{"start":{"line":70,"column":0},"end":{"line":70,"column":55}},"10":{"start":{"line":71,"column":0},"end":{"line":71,"column":57}},"11":{"start":{"line":72,"column":0},"end":{"line":72,"column":59}},"12":{"start":{"line":74,"column":0},"end":{"line":74,"column":27}}},"fnMap":{},"branchMap":{},"s":{"0":1,"1":1,"2":1,"3":1,"4":1,"5":1,"6":1,"7":1,"8":1,"9":1,"10":1,"11":1,"12":1},"f":{},"b":{},"_coverageSchema":"1a1c01bbd47fc00a2c39e90264f33305004495a9","hash":"944663c1e7c3119ad9b6cf53423f9f5c26c0c481"}
,"/Users/rajivchaudhri/Documents/GitHubApps/PosApp/PosSellApp/backend/models/Location.js": {"path":"/Users/rajivchaudhri/Documents/GitHubApps/PosApp/PosSellApp/backend/models/Location.js","statementMap":{"0":{"start":{"line":1,"column":22},"end":{"line":1,"column":42}},"1":{"start":{"line":2,"column":22},"end":{"line":2,"column":51}},"2":{"start":{"line":3,"column":15},"end":{"line":3,"column":34}},"3":{"start":{"line":5,"column":17},"end":{"line":78,"column":2}},"4":{"start":{"line":81,"column":0},"end":{"line":81,"column":56}},"5":{"start":{"line":82,"column":0},"end":{"line":82,"column":54}},"6":{"start":{"line":84,"column":0},"end":{"line":84,"column":26}}},"fnMap":{},"branchMap":{},"s":{"0":1,"1":1,"2":1,"3":1,"4":1,"5":1,"6":1},"f":{},"b":{},"_coverageSchema":"1a1c01bbd47fc00a2c39e90264f33305004495a9","hash":"db945db0026e3075af05b011422da686d1ad1ae6"}
,"/Users/rajivchaudhri/Documents/GitHubApps/PosApp/PosSellApp/backend/models/Product.js": {"path":"/Users/rajivchaudhri/Documents/GitHubApps/PosApp/PosSellApp/backend/models/Product.js","statementMap":{"0":{"start":{"line":1,"column":22},"end":{"line":1,"column":42}},"1":{"start":{"line":2,"column":22},"end":{"line":2,"column":51}},"2":{"start":{"line":3,"column":15},"end":{"line":3,"column":34}},"3":{"start":{"line":5,"column":16},"end":{"line":65,"column":2}},"4":{"start":{"line":68,"column":0},"end":{"line":68,"column":55}},"5":{"start":{"line":69,"column":0},"end":{"line":69,"column":53}},"6":{"start":{"line":73,"column":0},"end":{"line":73,"column":25}}},"fnMap":{},"branchMap":{},"s":{"0":1,"1":1,"2":1,"3":1,"4":1,"5":1,"6":1},"f":{},"b":{},"_coverageSchema":"1a1c01bbd47fc00a2c39e90264f33305004495a9","hash":"c4830a08ef06fe25ac3e98a7b58be9c269ef9a97"}
,"/Users/rajivchaudhri/Documents/GitHubApps/PosApp/PosSellApp/backend/models/Report.js": {"path":"/Users/rajivchaudhri/Documents/GitHubApps/PosApp/PosSellApp/backend/models/Report.js","statementMap":{"0":{"start":{"line":1,"column":22},"end":{"line":1,"column":42}},"1":{"start":{"line":2,"column":22},"end":{"line":2,"column":51}},"2":{"start":{"line":3,"column":15},"end":{"line":3,"column":34}},"3":{"start":{"line":4,"column":13},"end":{"line":4,"column":30}},"4":{"start":{"line":6,"column":15},"end":{"line":45,"column":2}},"5":{"start":{"line":48,"column":0},"end":{"line":48,"column":54}},"6":{"start":{"line":49,"column":0},"end":{"line":49,"column":53}},"7":{"start":{"line":51,"column":0},"end":{"line":51,"column":52}},"8":{"start":{"line":52,"column":0},"end":{"line":52,"column":51}},"9":{"start":{"line":54,"column":0},"end":{"line":54,"column":24}}},"fnMap":{},"branchMap":{},"s":{"0":1,"1":1,"2":1,"3":1,"4":1,"5":1,"6":1,"7":1,"8":1,"9":1},"f":{},"b":{},"_coverageSchema":"1a1c01bbd47fc00a2c39e90264f33305004495a9","hash":"e2215681684215a2b5c49024703090e0fa7d0182"}
,"/Users/rajivchaudhri/Documents/GitHubApps/PosApp/PosSellApp/backend/models/Supplier.js": {"path":"/Users/rajivchaudhri/Documents/GitHubApps/PosApp/PosSellApp/backend/models/Supplier.js","statementMap":{"0":{"start":{"line":1,"column":22},"end":{"line":1,"column":42}},"1":{"start":{"line":2,"column":22},"end":{"line":2,"column":51}},"2":{"start":{"line":3,"column":15},"end":{"line":3,"column":34}},"3":{"start":{"line":5,"column":17},"end":{"line":54,"column":2}},"4":{"start":{"line":57,"column":0},"end":{"line":57,"column":56}},"5":{"start":{"line":58,"column":0},"end":{"line":58,"column":54}},"6":{"start":{"line":60,"column":0},"end":{"line":60,"column":26}}},"fnMap":{},"branchMap":{},"s":{"0":1,"1":1,"2":1,"3":1,"4":1,"5":1,"6":1},"f":{},"b":{},"_coverageSchema":"1a1c01bbd47fc00a2c39e90264f33305004495a9","hash":"fb3ea9f0cba8e6275bb99fede21d4acb368225cf"}
,"/Users/rajivchaudhri/Documents/GitHubApps/PosApp/PosSellApp/backend/models/Tenant.js": {"path":"/Users/rajivchaudhri/Documents/GitHubApps/PosApp/PosSellApp/backend/models/Tenant.js","statementMap":{"0":{"start":{"line":1,"column":22},"end":{"line":1,"column":42}},"1":{"start":{"line":2,"column":22},"end":{"line":2,"column":51}},"2":{"start":{"line":4,"column":15},"end":{"line":32,"column":2}},"3":{"start":{"line":34,"column":0},"end":{"line":34,"column":24}}},"fnMap":{},"branchMap":{},"s":{"0":1,"1":1,"2":1,"3":1},"f":{},"b":{},"_coverageSchema":"1a1c01bbd47fc00a2c39e90264f33305004495a9","hash":"a82df3301fdc018c0a448d0176edb6ebeb828137"}
,"/Users/rajivchaudhri/Documents/GitHubApps/PosApp/PosSellApp/backend/models/Transaction.js": {"path":"/Users/rajivchaudhri/Documents/GitHubApps/PosApp/PosSellApp/backend/models/Transaction.js","statementMap":{"0":{"start":{"line":1,"column":22},"end":{"line":1,"column":42}},"1":{"start":{"line":2,"column":22},"end":{"line":2,"column":51}},"2":{"start":{"line":3,"column":15},"end":{"line":3,"column":34}},"3":{"start":{"line":4,"column":17},"end":{"line":4,"column":38}},"4":{"start":{"line":5,"column":17},"end":{"line":5,"column":38}},"5":{"start":{"line":7,"column":20},"end":{"line":77,"column":2}},"6":{"start":{"line":80,"column":0},"end":{"line":80,"column":59}},"7":{"start":{"line":81,"column":0},"end":{"line":81,"column":63}},"8":{"start":{"line":82,"column":0},"end":{"line":82,"column":63}},"9":{"start":{"line":84,"column":0},"end":{"line":84,"column":57}},"10":{"start":{"line":85,"column":0},"end":{"line":85,"column":61}},"11":{"start":{"line":86,"column":0},"end":{"line":86,"column":61}},"12":{"start":{"line":88,"column":0},"end":{"line":88,"column":29}}},"fnMap":{},"branchMap":{},"s":{"0":1,"1":1,"2":1,"3":1,"4":1,"5":1,"6":1,"7":1,"8":1,"9":1,"10":1,"11":1,"12":1},"f":{},"b":{},"_coverageSchema":"1a1c01bbd47fc00a2c39e90264f33305004495a9","hash":"5ccbc4a3b42ba3fd86c4949f4cb77bf8f03400d4"}
,"/Users/rajivchaudhri/Documents/GitHubApps/PosApp/PosSellApp/backend/models/TransactionItem.js": {"path":"/Users/rajivchaudhri/Documents/GitHubApps/PosApp/PosSellApp/backend/models/TransactionItem.js","statementMap":{"0":{"start":{"line":1,"column":22},"end":{"line":1,"column":42}},"1":{"start":{"line":2,"column":22},"end":{"line":2,"column":51}},"2":{"start":{"line":3,"column":20},"end":{"line":3,"column":44}},"3":{"start":{"line":4,"column":16},"end":{"line":4,"column":36}},"4":{"start":{"line":6,"column":24},"end":{"line":43,"column":2}},"5":{"start":{"line":46,"column":0},"end":{"line":46,"column":73}},"6":{"start":{"line":47,"column":0},"end":{"line":47,"column":65}},"7":{"start":{"line":49,"column":0},"end":{"line":49,"column":71}},"8":{"start":{"line":50,"column":0},"end":{"line":50,"column":63}},"9":{"start":{"line":52,"column":0},"end":{"line":52,"column":33}}},"fnMap":{},"branchMap":{},"s":{"0":1,"1":1,"2":1,"3":1,"4":1,"5":1,"6":1,"7":1,"8":1,"9":1},"f":{},"b":{},"_coverageSchema":"1a1c01bbd47fc00a2c39e90264f33305004495a9","hash":"0c06d1e80ee2a081ffc842ca4689dcab6869716f"}
,"/Users/rajivchaudhri/Documents/GitHubApps/PosApp/PosSellApp/backend/models/Transfer.js": {"path":"/Users/rajivchaudhri/Documents/GitHubApps/PosApp/PosSellApp/backend/models/Transfer.js","statementMap":{"0":{"start":{"line":1,"column":22},"end":{"line":1,"column":42}},"1":{"start":{"line":2,"column":22},"end":{"line":2,"column":51}},"2":{"start":{"line":3,"column":15},"end":{"line":3,"column":34}},"3":{"start":{"line":4,"column":17},"end":{"line":4,"column":38}},"4":{"start":{"line":5,"column":16},"end":{"line":5,"column":36}},"5":{"start":{"line":6,"column":14},"end":{"line":6,"column":32}},"6":{"start":{"line":8,"column":17},"end":{"line":86,"column":2}},"7":{"start":{"line":89,"column":0},"end":{"line":89,"column":56}},"8":{"start":{"line":90,"column":0},"end":{"line":90,"column":85}},"9":{"start":{"line":91,"column":0},"end":{"line":91,"column":81}},"10":{"start":{"line":92,"column":0},"end":{"line":92,"column":58}},"11":{"start":{"line":93,"column":0},"end":{"line":93,"column":54}},"12":{"start":{"line":95,"column":0},"end":{"line":95,"column":54}},"13":{"start":{"line":96,"column":0},"end":{"line":96,"column":63}},"14":{"start":{"line":97,"column":0},"end":{"line":97,"column":61}},"15":{"start":{"line":98,"column":0},"end":{"line":98,"column":56}},"16":{"start":{"line":99,"column":0},"end":{"line":99,"column":52}},"17":{"start":{"line":101,"column":0},"end":{"line":101,"column":26}}},"fnMap":{},"branchMap":{},"s":{"0":1,"1":1,"2":1,"3":1,"4":1,"5":1,"6":1,"7":1,"8":1,"9":1,"10":1,"11":1,"12":1,"13":1,"14":1,"15":1,"16":1,"17":1},"f":{},"b":{},"_coverageSchema":"1a1c01bbd47fc00a2c39e90264f33305004495a9","hash":"61179215c2cf679e3b6bcc3f4548956b8b500e07"}
,"/Users/rajivchaudhri/Documents/GitHubApps/PosApp/PosSellApp/backend/models/User.js": {"path":"/Users/rajivchaudhri/Documents/GitHubApps/PosApp/PosSellApp/backend/models/User.js","statementMap":{"0":{"start":{"line":1,"column":22},"end":{"line":1,"column":42}},"1":{"start":{"line":2,"column":22},"end":{"line":2,"column":51}},"2":{"start":{"line":3,"column":15},"end":{"line":3,"column":34}},"3":{"start":{"line":5,"column":13},"end":{"line":63,"column":2}},"4":{"start":{"line":66,"column":0},"end":{"line":66,"column":52}},"5":{"start":{"line":67,"column":0},"end":{"line":67,"column":50}},"6":{"start":{"line":70,"column":21},"end":{"line":70,"column":46}},"7":{"start":{"line":71,"column":17},"end":{"line":71,"column":38}},"8":{"start":{"line":73,"column":0},"end":{"line":78,"column":3}},"9":{"start":{"line":79,"column":0},"end":{"line":84,"column":3}},"10":{"start":{"line":86,"column":0},"end":{"line":86,"column":22}}},"fnMap":{},"branchMap":{},"s":{"0":1,"1":1,"2":1,"3":1,"4":1,"5":1,"6":1,"7":1,"8":1,"9":1,"10":1},"f":{},"b":{},"_coverageSchema":"1a1c01bbd47fc00a2c39e90264f33305004495a9","hash":"17c9b372a8394e757fc9cd10d04d4ed94ec2ecdd"}
,"/Users/rajivchaudhri/Documents/GitHubApps/PosApp/PosSellApp/backend/models/UserLocation.js": {"path":"/Users/rajivchaudhri/Documents/GitHubApps/PosApp/PosSellApp/backend/models/UserLocation.js","statementMap":{"0":{"start":{"line":1,"column":22},"end":{"line":1,"column":42}},"1":{"start":{"line":2,"column":22},"end":{"line":2,"column":51}},"2":{"start":{"line":3,"column":13},"end":{"line":3,"column":30}},"3":{"start":{"line":4,"column":17},"end":{"line":4,"column":38}},"4":{"start":{"line":6,"column":21},"end":{"line":56,"column":2}},"5":{"start":{"line":59,"column":0},"end":{"line":59,"column":30}}},"fnMap":{},"branchMap":{},"s":{"0":1,"1":1,"2":1,"3":1,"4":1,"5":1},"f":{},"b":{},"_coverageSchema":"1a1c01bbd47fc00a2c39e90264f33305004495a9","hash":"bb91fafa616dbd54c5dfce6b5fc199f59b1ca09f"}
,"/Users/rajivchaudhri/Documents/GitHubApps/PosApp/PosSellApp/backend/models/index.js": {"path":"/Users/rajivchaudhri/Documents/GitHubApps/PosApp/PosSellApp/backend/models/index.js","statementMap":{"0":{"start":{"line":1,"column":15},"end":{"line":1,"column":34}},"1":{"start":{"line":2,"column":13},"end":{"line":2,"column":30}},"2":{"start":{"line":3,"column":17},"end":{"line":3,"column":38}},"3":{"start":{"line":4,"column":21},"end":{"line":4,"column":46}},"4":{"start":{"line":5,"column":16},"end":{"line":5,"column":36}},"5":{"start":{"line":6,"column":18},"end":{"line":6,"column":40}},"6":{"start":{"line":7,"column":17},"end":{"line":7,"column":38}},"7":{"start":{"line":8,"column":20},"end":{"line":8,"column":44}},"8":{"start":{"line":9,"column":24},"end":{"line":9,"column":52}},"9":{"start":{"line":10,"column":15},"end":{"line":10,"column":34}},"10":{"start":{"line":11,"column":17},"end":{"line":11,"column":38}},"11":{"start":{"line":12,"column":14},"end":{"line":12,"column":32}},"12":{"start":{"line":13,"column":17},"end":{"line":13,"column":38}},"13":{"start":{"line":15,"column":0},"end":{"line":29,"column":2}}},"fnMap":{},"branchMap":{},"s":{"0":1,"1":1,"2":1,"3":1,"4":1,"5":1,"6":1,"7":1,"8":1,"9":1,"10":1,"11":1,"12":1,"13":1},"f":{},"b":{},"_coverageSchema":"1a1c01bbd47fc00a2c39e90264f33305004495a9","hash":"001ed5500b950c77b7fe9d19c3bbd24c4b5b3017"}
,"/Users/rajivchaudhri/Documents/GitHubApps/PosApp/PosSellApp/backend/routes/auth.js": {"path":"/Users/rajivchaudhri/Documents/GitHubApps/PosApp/PosSellApp/backend/routes/auth.js","statementMap":{"0":{"start":{"line":1,"column":16},"end":{"line":1,"column":34}},"1":{"start":{"line":2,"column":15},"end":{"line":2,"column":34}},"2":{"start":{"line":3,"column":12},"end":{"line":3,"column":35}},"3":{"start":{"line":4,"column":17},"end":{"line":4,"column":37}},"4":{"start":{"line":5,"column":30},"end":{"line":5,"column":65}},"5":{"start":{"line":6,"column":30},"end":{"line":6,"column":59}},"6":{"start":{"line":7,"column":31},"end":{"line":7,"column":68}},"7":{"start":{"line":8,"column":12},"end":{"line":8,"column":35}},"8":{"start":{"line":9,"column":21},"end":{"line":9,"column":47}},"9":{"start":{"line":11,"column":15},"end":{"line":11,"column":31}},"10":{"start":{"line":14,"column":0},"end":{"line":67,"column":3}},"11":{"start":{"line":15,"column":2},"end":{"line":66,"column":3}},"12":{"start":{"line":16,"column":48},"end":{"line":16,"column":56}},"13":{"start":{"line":19,"column":25},"end":{"line":27,"column":6}},"14":{"start":{"line":29,"column":4},"end":{"line":33,"column":5}},"15":{"start":{"line":30,"column":6},"end":{"line":32,"column":9}},"16":{"start":{"line":36,"column":23},"end":{"line":36,"column":25}},"17":{"start":{"line":37,"column":26},"end":{"line":37,"column":65}},"18":{"start":{"line":40,"column":17},"end":{"line":46,"column":6}},"19":{"start":{"line":49,"column":25},"end":{"line":55,"column":5}},"20":{"start":{"line":57,"column":4},"end":{"line":60,"column":7}},"21":{"start":{"line":62,"column":4},"end":{"line":62,"column":48}},"22":{"start":{"line":63,"column":4},"end":{"line":65,"column":7}},"23":{"start":{"line":70,"column":0},"end":{"line":148,"column":3}},"24":{"start":{"line":71,"column":2},"end":{"line":147,"column":3}},"25":{"start":{"line":72,"column":35},"end":{"line":72,"column":43}},"26":{"start":{"line":75,"column":17},"end":{"line":80,"column":6}},"27":{"start":{"line":82,"column":4},"end":{"line":86,"column":5}},"28":{"start":{"line":83,"column":6},"end":{"line":85,"column":9}},"29":{"start":{"line":89,"column":28},"end":{"line":89,"column":78}},"30":{"start":{"line":90,"column":4},"end":{"line":95,"column":5}},"31":{"start":{"line":91,"column":6},"end":{"line":91,"column":86}},"32":{"start":{"line":92,"column":6},"end":{"line":94,"column":9}},"33":{"start":{"line":98,"column":4},"end":{"line":117,"column":5}},"34":{"start":{"line":100,"column":24},"end":{"line":108,"column":7}},"35":{"start":{"line":110,"column":6},"end":{"line":110,"column":60}},"36":{"start":{"line":112,"column":6},"end":{"line":116,"column":9}},"37":{"start":{"line":120,"column":18},"end":{"line":128,"column":5}},"38":{"start":{"line":130,"column":4},"end":{"line":130,"column":56}},"39":{"start":{"line":132,"column":4},"end":{"line":141,"column":7}},"40":{"start":{"line":143,"column":4},"end":{"line":143,"column":41}},"41":{"start":{"line":144,"column":4},"end":{"line":146,"column":7}},"42":{"start":{"line":151,"column":0},"end":{"line":180,"column":3}},"43":{"start":{"line":152,"column":2},"end":{"line":179,"column":3}},"44":{"start":{"line":153,"column":17},"end":{"line":153,"column":25}},"45":{"start":{"line":155,"column":4},"end":{"line":159,"column":5}},"46":{"start":{"line":156,"column":6},"end":{"line":158,"column":9}},"47":{"start":{"line":161,"column":19},"end":{"line":161,"column":39}},"48":{"start":{"line":162,"column":19},"end":{"line":162,"column":51}},"49":{"start":{"line":167,"column":4},"end":{"line":167,"column":59}},"50":{"start":{"line":169,"column":4},"end":{"line":173,"column":7}},"51":{"start":{"line":175,"column":4},"end":{"line":175,"column":45}},"52":{"start":{"line":176,"column":4},"end":{"line":178,"column":7}},"53":{"start":{"line":183,"column":0},"end":{"line":219,"column":3}},"54":{"start":{"line":184,"column":2},"end":{"line":218,"column":3}},"55":{"start":{"line":185,"column":30},"end":{"line":185,"column":38}},"56":{"start":{"line":186,"column":17},"end":{"line":186,"column":25}},"57":{"start":{"line":188,"column":4},"end":{"line":192,"column":5}},"58":{"start":{"line":189,"column":6},"end":{"line":191,"column":9}},"59":{"start":{"line":194,"column":20},"end":{"line":194,"column":50}},"60":{"start":{"line":195,"column":4},"end":{"line":200,"column":5}},"61":{"start":{"line":196,"column":6},"end":{"line":196,"column":65}},"62":{"start":{"line":197,"column":6},"end":{"line":199,"column":9}},"63":{"start":{"line":203,"column":4},"end":{"line":206,"column":7}},"64":{"start":{"line":208,"column":4},"end":{"line":208,"column":51}},"65":{"start":{"line":210,"column":4},"end":{"line":212,"column":7}},"66":{"start":{"line":214,"column":4},"end":{"line":214,"column":46}},"67":{"start":{"line":215,"column":4},"end":{"line":217,"column":7}},"68":{"start":{"line":222,"column":0},"end":{"line":278,"column":3}},"69":{"start":{"line":223,"column":2},"end":{"line":277,"column":3}},"70":{"start":{"line":224,"column":33},"end":{"line":224,"column":41}},"71":{"start":{"line":227,"column":20},"end":{"line":227,"column":65}},"72":{"start":{"line":228,"column":4},"end":{"line":232,"column":5}},"73":{"start":{"line":229,"column":6},"end":{"line":231,"column":9}},"74":{"start":{"line":234,"column":17},"end":{"line":234,"column":52}},"75":{"start":{"line":235,"column":4},"end":{"line":239,"column":5}},"76":{"start":{"line":236,"column":6},"end":{"line":238,"column":9}},"77":{"start":{"line":241,"column":20},"end":{"line":241,"column":59}},"78":{"start":{"line":242,"column":4},"end":{"line":247,"column":5}},"79":{"start":{"line":243,"column":6},"end":{"line":243,"column":58}},"80":{"start":{"line":244,"column":6},"end":{"line":246,"column":9}},"81":{"start":{"line":250,"column":23},"end":{"line":258,"column":5}},"82":{"start":{"line":260,"column":4},"end":{"line":260,"column":60}},"83":{"start":{"line":262,"column":4},"end":{"line":271,"column":7}},"84":{"start":{"line":273,"column":4},"end":{"line":273,"column":52}},"85":{"start":{"line":274,"column":4},"end":{"line":276,"column":7}},"86":{"start":{"line":280,"column":0},"end":{"line":280,"column":24}}},"fnMap":{"0":{"name":"(anonymous_0)","decl":{"start":{"line":14,"column":77},"end":{"line":14,"column":78}},"loc":{"start":{"line":14,"column":97},"end":{"line":67,"column":1}},"line":14},"1":{"name":"(anonymous_1)","decl":{"start":{"line":70,"column":71},"end":{"line":70,"column":72}},"loc":{"start":{"line":70,"column":91},"end":{"line":148,"column":1}},"line":70},"2":{"name":"(anonymous_2)","decl":{"start":{"line":151,"column":45},"end":{"line":151,"column":46}},"loc":{"start":{"line":151,"column":65},"end":{"line":180,"column":1}},"line":151},"3":{"name":"(anonymous_3)","decl":{"start":{"line":183,"column":46},"end":{"line":183,"column":47}},"loc":{"start":{"line":183,"column":66},"end":{"line":219,"column":1}},"line":183},"4":{"name":"(anonymous_4)","decl":{"start":{"line":222,"column":57},"end":{"line":222,"column":58}},"loc":{"start":{"line":222,"column":77},"end":{"line":278,"column":1}},"line":222}},"branchMap":{"0":{"loc":{"start":{"line":29,"column":4},"end":{"line":33,"column":5}},"type":"if","locations":[{"start":{"line":29,"column":4},"end":{"line":33,"column":5}},{"start":{},"end":{}}],"line":29},"1":{"loc":{"start":{"line":45,"column":12},"end":{"line":45,"column":29}},"type":"binary-expr","locations":[{"start":{"line":45,"column":12},"end":{"line":45,"column":16}},{"start":{"line":45,"column":20},"end":{"line":45,"column":29}}],"line":45},"2":{"loc":{"start":{"line":82,"column":4},"end":{"line":86,"column":5}},"type":"if","locations":[{"start":{"line":82,"column":4},"end":{"line":86,"column":5}},{"start":{},"end":{}}],"line":82},"3":{"loc":{"start":{"line":90,"column":4},"end":{"line":95,"column":5}},"type":"if","locations":[{"start":{"line":90,"column":4},"end":{"line":95,"column":5}},{"start":{},"end":{}}],"line":90},"4":{"loc":{"start":{"line":98,"column":4},"end":{"line":117,"column":5}},"type":"if","locations":[{"start":{"line":98,"column":4},"end":{"line":117,"column":5}},{"start":{},"end":{}}],"line":98},"5":{"loc":{"start":{"line":155,"column":4},"end":{"line":159,"column":5}},"type":"if","locations":[{"start":{"line":155,"column":4},"end":{"line":159,"column":5}},{"start":{},"end":{}}],"line":155},"6":{"loc":{"start":{"line":188,"column":4},"end":{"line":192,"column":5}},"type":"if","locations":[{"start":{"line":188,"column":4},"end":{"line":192,"column":5}},{"start":{},"end":{}}],"line":188},"7":{"loc":{"start":{"line":195,"column":4},"end":{"line":200,"column":5}},"type":"if","locations":[{"start":{"line":195,"column":4},"end":{"line":200,"column":5}},{"start":{},"end":{}}],"line":195},"8":{"loc":{"start":{"line":228,"column":4},"end":{"line":232,"column":5}},"type":"if","locations":[{"start":{"line":228,"column":4},"end":{"line":232,"column":5}},{"start":{},"end":{}}],"line":228},"9":{"loc":{"start":{"line":235,"column":4},"end":{"line":239,"column":5}},"type":"if","locations":[{"start":{"line":235,"column":4},"end":{"line":239,"column":5}},{"start":{},"end":{}}],"line":235},"10":{"loc":{"start":{"line":235,"column":8},"end":{"line":235,"column":48}},"type":"binary-expr","locations":[{"start":{"line":235,"column":8},"end":{"line":235,"column":13}},{"start":{"line":235,"column":17},"end":{"line":235,"column":48}}],"line":235},"11":{"loc":{"start":{"line":242,"column":4},"end":{"line":247,"column":5}},"type":"if","locations":[{"start":{"line":242,"column":4},"end":{"line":247,"column":5}},{"start":{},"end":{}}],"line":242}},"s":{"0":0,"1":0,"2":0,"3":0,"4":0,"5":0,"6":0,"7":0,"8":0,"9":0,"10":0,"11":0,"12":0,"13":0,"14":0,"15":0,"16":0,"17":0,"18":0,"19":0,"20":0,"21":0,"22":0,"23":0,"24":0,"25":0,"26":0,"27":0,"28":0,"29":0,"30":0,"31":0,"32":0,"33":0,"34":0,"35":0,"36":0,"37":0,"38":0,"39":0,"40":0,"41":0,"42":0,"43":0,"44":0,"45":0,"46":0,"47":0,"48":0,"49":0,"50":0,"51":0,"52":0,"53":0,"54":0,"55":0,"56":0,"57":0,"58":0,"59":0,"60":0,"61":0,"62":0,"63":0,"64":0,"65":0,"66":0,"67":0,"68":0,"69":0,"70":0,"71":0,"72":0,"73":0,"74":0,"75":0,"76":0,"77":0,"78":0,"79":0,"80":0,"81":0,"82":0,"83":0,"84":0,"85":0,"86":0},"f":{"0":0,"1":0,"2":0,"3":0,"4":0},"b":{"0":[0,0],"1":[0,0],"2":[0,0],"3":[0,0],"4":[0,0],"5":[0,0],"6":[0,0],"7":[0,0],"8":[0,0],"9":[0,0],"10":[0,0],"11":[0,0]}}
,"/Users/rajivchaudhri/Documents/GitHubApps/PosApp/PosSellApp/backend/routes/customers.js": {"path":"/Users/rajivchaudhri/Documents/GitHubApps/PosApp/PosSellApp/backend/routes/customers.js","statementMap":{"0":{"start":{"line":1,"column":16},"end":{"line":1,"column":34}},"1":{"start":{"line":2,"column":21},"end":{"line":2,"column":41}},"2":{"start":{"line":3,"column":30},"end":{"line":3,"column":59}},"3":{"start":{"line":4,"column":30},"end":{"line":4,"column":65}},"4":{"start":{"line":5,"column":31},"end":{"line":5,"column":68}},"5":{"start":{"line":7,"column":15},"end":{"line":7,"column":31}},"6":{"start":{"line":10,"column":0},"end":{"line":10,"column":35}},"7":{"start":{"line":11,"column":0},"end":{"line":11,"column":30}},"8":{"start":{"line":14,"column":0},"end":{"line":48,"column":3}},"9":{"start":{"line":15,"column":2},"end":{"line":47,"column":3}},"10":{"start":{"line":16,"column":45},"end":{"line":16,"column":54}},"11":{"start":{"line":18,"column":24},"end":{"line":18,"column":51}},"12":{"start":{"line":20,"column":4},"end":{"line":27,"column":5}},"13":{"start":{"line":21,"column":6},"end":{"line":26,"column":8}},"14":{"start":{"line":29,"column":22},"end":{"line":34,"column":6}},"15":{"start":{"line":36,"column":4},"end":{"line":43,"column":7}},"16":{"start":{"line":45,"column":4},"end":{"line":45,"column":49}},"17":{"start":{"line":46,"column":4},"end":{"line":46,"column":61}},"18":{"start":{"line":51,"column":0},"end":{"line":88,"column":3}},"19":{"start":{"line":52,"column":2},"end":{"line":87,"column":3}},"20":{"start":{"line":53,"column":61},"end":{"line":53,"column":69}},"21":{"start":{"line":56,"column":4},"end":{"line":69,"column":5}},"22":{"start":{"line":57,"column":31},"end":{"line":62,"column":8}},"23":{"start":{"line":64,"column":6},"end":{"line":68,"column":7}},"24":{"start":{"line":65,"column":8},"end":{"line":67,"column":11}},"25":{"start":{"line":71,"column":21},"end":{"line":78,"column":6}},"26":{"start":{"line":80,"column":4},"end":{"line":83,"column":7}},"27":{"start":{"line":85,"column":4},"end":{"line":85,"column":51}},"28":{"start":{"line":86,"column":4},"end":{"line":86,"column":61}},"29":{"start":{"line":91,"column":0},"end":{"line":109,"column":3}},"30":{"start":{"line":92,"column":2},"end":{"line":108,"column":3}},"31":{"start":{"line":93,"column":21},"end":{"line":98,"column":6}},"32":{"start":{"line":100,"column":4},"end":{"line":102,"column":5}},"33":{"start":{"line":101,"column":6},"end":{"line":101,"column":67}},"34":{"start":{"line":104,"column":4},"end":{"line":104,"column":27}},"35":{"start":{"line":106,"column":4},"end":{"line":106,"column":48}},"36":{"start":{"line":107,"column":4},"end":{"line":107,"column":61}},"37":{"start":{"line":112,"column":0},"end":{"line":159,"column":3}},"38":{"start":{"line":113,"column":2},"end":{"line":158,"column":3}},"39":{"start":{"line":114,"column":61},"end":{"line":114,"column":69}},"40":{"start":{"line":116,"column":21},"end":{"line":121,"column":6}},"41":{"start":{"line":123,"column":4},"end":{"line":125,"column":5}},"42":{"start":{"line":124,"column":6},"end":{"line":124,"column":67}},"43":{"start":{"line":128,"column":4},"end":{"line":141,"column":5}},"44":{"start":{"line":129,"column":31},"end":{"line":134,"column":8}},"45":{"start":{"line":136,"column":6},"end":{"line":140,"column":7}},"46":{"start":{"line":137,"column":8},"end":{"line":139,"column":11}},"47":{"start":{"line":143,"column":4},"end":{"line":149,"column":7}},"48":{"start":{"line":151,"column":4},"end":{"line":154,"column":7}},"49":{"start":{"line":156,"column":4},"end":{"line":156,"column":51}},"50":{"start":{"line":157,"column":4},"end":{"line":157,"column":61}},"51":{"start":{"line":162,"column":0},"end":{"line":184,"column":3}},"52":{"start":{"line":163,"column":2},"end":{"line":183,"column":3}},"53":{"start":{"line":164,"column":21},"end":{"line":169,"column":6}},"54":{"start":{"line":171,"column":4},"end":{"line":173,"column":5}},"55":{"start":{"line":172,"column":6},"end":{"line":172,"column":67}},"56":{"start":{"line":175,"column":4},"end":{"line":175,"column":29}},"57":{"start":{"line":177,"column":4},"end":{"line":179,"column":7}},"58":{"start":{"line":181,"column":4},"end":{"line":181,"column":51}},"59":{"start":{"line":182,"column":4},"end":{"line":182,"column":61}},"60":{"start":{"line":186,"column":0},"end":{"line":186,"column":24}}},"fnMap":{"0":{"name":"(anonymous_0)","decl":{"start":{"line":14,"column":16},"end":{"line":14,"column":17}},"loc":{"start":{"line":14,"column":36},"end":{"line":48,"column":1}},"line":14},"1":{"name":"(anonymous_1)","decl":{"start":{"line":51,"column":51},"end":{"line":51,"column":52}},"loc":{"start":{"line":51,"column":71},"end":{"line":88,"column":1}},"line":51},"2":{"name":"(anonymous_2)","decl":{"start":{"line":91,"column":19},"end":{"line":91,"column":20}},"loc":{"start":{"line":91,"column":39},"end":{"line":109,"column":1}},"line":91},"3":{"name":"(anonymous_3)","decl":{"start":{"line":112,"column":53},"end":{"line":112,"column":54}},"loc":{"start":{"line":112,"column":73},"end":{"line":159,"column":1}},"line":112},"4":{"name":"(anonymous_4)","decl":{"start":{"line":162,"column":22},"end":{"line":162,"column":23}},"loc":{"start":{"line":162,"column":42},"end":{"line":184,"column":1}},"line":162}},"branchMap":{"0":{"loc":{"start":{"line":16,"column":12},"end":{"line":16,"column":20}},"type":"default-arg","locations":[{"start":{"line":16,"column":19},"end":{"line":16,"column":20}}],"line":16},"1":{"loc":{"start":{"line":16,"column":22},"end":{"line":16,"column":32}},"type":"default-arg","locations":[{"start":{"line":16,"column":30},"end":{"line":16,"column":32}}],"line":16},"2":{"loc":{"start":{"line":20,"column":4},"end":{"line":27,"column":5}},"type":"if","locations":[{"start":{"line":20,"column":4},"end":{"line":27,"column":5}},{"start":{},"end":{}}],"line":20},"3":{"loc":{"start":{"line":56,"column":4},"end":{"line":69,"column":5}},"type":"if","locations":[{"start":{"line":56,"column":4},"end":{"line":69,"column":5}},{"start":{},"end":{}}],"line":56},"4":{"loc":{"start":{"line":64,"column":6},"end":{"line":68,"column":7}},"type":"if","locations":[{"start":{"line":64,"column":6},"end":{"line":68,"column":7}},{"start":{},"end":{}}],"line":64},"5":{"loc":{"start":{"line":100,"column":4},"end":{"line":102,"column":5}},"type":"if","locations":[{"start":{"line":100,"column":4},"end":{"line":102,"column":5}},{"start":{},"end":{}}],"line":100},"6":{"loc":{"start":{"line":123,"column":4},"end":{"line":125,"column":5}},"type":"if","locations":[{"start":{"line":123,"column":4},"end":{"line":125,"column":5}},{"start":{},"end":{}}],"line":123},"7":{"loc":{"start":{"line":128,"column":4},"end":{"line":141,"column":5}},"type":"if","locations":[{"start":{"line":128,"column":4},"end":{"line":141,"column":5}},{"start":{},"end":{}}],"line":128},"8":{"loc":{"start":{"line":128,"column":8},"end":{"line":128,"column":41}},"type":"binary-expr","locations":[{"start":{"line":128,"column":8},"end":{"line":128,"column":13}},{"start":{"line":128,"column":17},"end":{"line":128,"column":41}}],"line":128},"9":{"loc":{"start":{"line":136,"column":6},"end":{"line":140,"column":7}},"type":"if","locations":[{"start":{"line":136,"column":6},"end":{"line":140,"column":7}},{"start":{},"end":{}}],"line":136},"10":{"loc":{"start":{"line":171,"column":4},"end":{"line":173,"column":5}},"type":"if","locations":[{"start":{"line":171,"column":4},"end":{"line":173,"column":5}},{"start":{},"end":{}}],"line":171}},"s":{"0":0,"1":0,"2":0,"3":0,"4":0,"5":0,"6":0,"7":0,"8":0,"9":0,"10":0,"11":0,"12":0,"13":0,"14":0,"15":0,"16":0,"17":0,"18":0,"19":0,"20":0,"21":0,"22":0,"23":0,"24":0,"25":0,"26":0,"27":0,"28":0,"29":0,"30":0,"31":0,"32":0,"33":0,"34":0,"35":0,"36":0,"37":0,"38":0,"39":0,"40":0,"41":0,"42":0,"43":0,"44":0,"45":0,"46":0,"47":0,"48":0,"49":0,"50":0,"51":0,"52":0,"53":0,"54":0,"55":0,"56":0,"57":0,"58":0,"59":0,"60":0},"f":{"0":0,"1":0,"2":0,"3":0,"4":0},"b":{"0":[0],"1":[0],"2":[0,0],"3":[0,0],"4":[0,0],"5":[0,0],"6":[0,0],"7":[0,0],"8":[0,0],"9":[0,0],"10":[0,0]}}
,"/Users/rajivchaudhri/Documents/GitHubApps/PosApp/PosSellApp/backend/routes/inventory.js": {"path":"/Users/rajivchaudhri/Documents/GitHubApps/PosApp/PosSellApp/backend/routes/inventory.js","statementMap":{"0":{"start":{"line":1,"column":16},"end":{"line":1,"column":34}},"1":{"start":{"line":2,"column":68},"end":{"line":2,"column":88}},"2":{"start":{"line":3,"column":66},"end":{"line":3,"column":95}},"3":{"start":{"line":4,"column":30},"end":{"line":4,"column":65}},"4":{"start":{"line":5,"column":31},"end":{"line":5,"column":68}},"5":{"start":{"line":7,"column":15},"end":{"line":7,"column":31}},"6":{"start":{"line":10,"column":0},"end":{"line":10,"column":35}},"7":{"start":{"line":11,"column":0},"end":{"line":11,"column":30}},"8":{"start":{"line":14,"column":0},"end":{"line":39,"column":3}},"9":{"start":{"line":15,"column":2},"end":{"line":38,"column":3}},"10":{"start":{"line":16,"column":51},"end":{"line":16,"column":60}},"11":{"start":{"line":18,"column":24},"end":{"line":18,"column":51}},"12":{"start":{"line":20,"column":4},"end":{"line":20,"column":56}},"13":{"start":{"line":20,"column":20},"end":{"line":20,"column":56}},"14":{"start":{"line":21,"column":4},"end":{"line":21,"column":59}},"15":{"start":{"line":21,"column":21},"end":{"line":21,"column":59}},"16":{"start":{"line":22,"column":4},"end":{"line":26,"column":5}},"17":{"start":{"line":23,"column":6},"end":{"line":25,"column":8}},"18":{"start":{"line":28,"column":22},"end":{"line":32,"column":6}},"19":{"start":{"line":34,"column":4},"end":{"line":34,"column":28}},"20":{"start":{"line":36,"column":4},"end":{"line":36,"column":49}},"21":{"start":{"line":37,"column":4},"end":{"line":37,"column":61}},"22":{"start":{"line":42,"column":0},"end":{"line":98,"column":3}},"23":{"start":{"line":43,"column":2},"end":{"line":97,"column":3}},"24":{"start":{"line":44,"column":40},"end":{"line":44,"column":50}},"25":{"start":{"line":45,"column":51},"end":{"line":45,"column":59}},"26":{"start":{"line":48,"column":20},"end":{"line":54,"column":6}},"27":{"start":{"line":56,"column":4},"end":{"line":83,"column":5}},"28":{"start":{"line":58,"column":22},"end":{"line":60,"column":8}},"29":{"start":{"line":61,"column":23},"end":{"line":63,"column":8}},"30":{"start":{"line":65,"column":6},"end":{"line":67,"column":7}},"31":{"start":{"line":66,"column":8},"end":{"line":66,"column":80}},"32":{"start":{"line":69,"column":6},"end":{"line":76,"column":9}},"33":{"start":{"line":78,"column":6},"end":{"line":82,"column":9}},"34":{"start":{"line":86,"column":29},"end":{"line":88,"column":6}},"35":{"start":{"line":90,"column":4},"end":{"line":93,"column":7}},"36":{"start":{"line":95,"column":4},"end":{"line":95,"column":52}},"37":{"start":{"line":96,"column":4},"end":{"line":96,"column":61}},"38":{"start":{"line":101,"column":0},"end":{"line":123,"column":3}},"39":{"start":{"line":102,"column":2},"end":{"line":122,"column":3}},"40":{"start":{"line":103,"column":40},"end":{"line":103,"column":50}},"41":{"start":{"line":105,"column":22},"end":{"line":112,"column":6}},"42":{"start":{"line":114,"column":4},"end":{"line":116,"column":5}},"43":{"start":{"line":115,"column":6},"end":{"line":115,"column":75}},"44":{"start":{"line":118,"column":4},"end":{"line":118,"column":28}},"45":{"start":{"line":120,"column":4},"end":{"line":120,"column":49}},"46":{"start":{"line":121,"column":4},"end":{"line":121,"column":61}},"47":{"start":{"line":126,"column":0},"end":{"line":202,"column":3}},"48":{"start":{"line":127,"column":2},"end":{"line":201,"column":3}},"49":{"start":{"line":128,"column":20},"end":{"line":128,"column":36}},"50":{"start":{"line":130,"column":4},"end":{"line":132,"column":5}},"51":{"start":{"line":131,"column":6},"end":{"line":131,"column":73}},"52":{"start":{"line":134,"column":20},"end":{"line":134,"column":22}},"53":{"start":{"line":136,"column":4},"end":{"line":192,"column":5}},"54":{"start":{"line":137,"column":78},"end":{"line":137,"column":84}},"55":{"start":{"line":139,"column":22},"end":{"line":145,"column":8}},"56":{"start":{"line":147,"column":6},"end":{"line":179,"column":7}},"57":{"start":{"line":148,"column":24},"end":{"line":150,"column":10}},"58":{"start":{"line":151,"column":25},"end":{"line":153,"column":10}},"59":{"start":{"line":155,"column":8},"end":{"line":163,"column":9}},"60":{"start":{"line":156,"column":10},"end":{"line":161,"column":13}},"61":{"start":{"line":162,"column":10},"end":{"line":162,"column":19}},"62":{"start":{"line":165,"column":8},"end":{"line":172,"column":11}},"63":{"start":{"line":174,"column":8},"end":{"line":178,"column":11}},"64":{"start":{"line":181,"column":6},"end":{"line":191,"column":9}},"65":{"start":{"line":194,"column":4},"end":{"line":197,"column":7}},"66":{"start":{"line":199,"column":4},"end":{"line":199,"column":57}},"67":{"start":{"line":200,"column":4},"end":{"line":200,"column":61}},"68":{"start":{"line":207,"column":0},"end":{"line":218,"column":3}},"69":{"start":{"line":208,"column":2},"end":{"line":217,"column":3}},"70":{"start":{"line":209,"column":22},"end":{"line":212,"column":6}},"71":{"start":{"line":213,"column":4},"end":{"line":213,"column":28}},"72":{"start":{"line":215,"column":4},"end":{"line":215,"column":49}},"73":{"start":{"line":216,"column":4},"end":{"line":216,"column":61}},"74":{"start":{"line":221,"column":0},"end":{"line":237,"column":3}},"75":{"start":{"line":222,"column":2},"end":{"line":236,"column":3}},"76":{"start":{"line":223,"column":58},"end":{"line":223,"column":66}},"77":{"start":{"line":224,"column":21},"end":{"line":231,"column":6}},"78":{"start":{"line":232,"column":4},"end":{"line":232,"column":39}},"79":{"start":{"line":234,"column":4},"end":{"line":234,"column":51}},"80":{"start":{"line":235,"column":4},"end":{"line":235,"column":61}},"81":{"start":{"line":240,"column":0},"end":{"line":256,"column":3}},"82":{"start":{"line":241,"column":2},"end":{"line":255,"column":3}},"83":{"start":{"line":242,"column":19},"end":{"line":242,"column":29}},"84":{"start":{"line":243,"column":58},"end":{"line":243,"column":66}},"85":{"start":{"line":244,"column":21},"end":{"line":246,"column":6}},"86":{"start":{"line":247,"column":4},"end":{"line":249,"column":5}},"87":{"start":{"line":248,"column":6},"end":{"line":248,"column":67}},"88":{"start":{"line":250,"column":4},"end":{"line":250,"column":73}},"89":{"start":{"line":251,"column":4},"end":{"line":251,"column":27}},"90":{"start":{"line":253,"column":4},"end":{"line":253,"column":51}},"91":{"start":{"line":254,"column":4},"end":{"line":254,"column":61}},"92":{"start":{"line":259,"column":0},"end":{"line":274,"column":3}},"93":{"start":{"line":260,"column":2},"end":{"line":273,"column":3}},"94":{"start":{"line":261,"column":19},"end":{"line":261,"column":29}},"95":{"start":{"line":262,"column":21},"end":{"line":264,"column":6}},"96":{"start":{"line":265,"column":4},"end":{"line":267,"column":5}},"97":{"start":{"line":266,"column":6},"end":{"line":266,"column":67}},"98":{"start":{"line":268,"column":4},"end":{"line":268,"column":29}},"99":{"start":{"line":269,"column":4},"end":{"line":269,"column":59}},"100":{"start":{"line":271,"column":4},"end":{"line":271,"column":51}},"101":{"start":{"line":272,"column":4},"end":{"line":272,"column":61}},"102":{"start":{"line":279,"column":0},"end":{"line":294,"column":3}},"103":{"start":{"line":280,"column":2},"end":{"line":293,"column":3}},"104":{"start":{"line":281,"column":27},"end":{"line":281,"column":36}},"105":{"start":{"line":282,"column":24},"end":{"line":282,"column":51}},"106":{"start":{"line":283,"column":4},"end":{"line":283,"column":56}},"107":{"start":{"line":283,"column":20},"end":{"line":283,"column":56}},"108":{"start":{"line":284,"column":20},"end":{"line":288,"column":6}},"109":{"start":{"line":289,"column":4},"end":{"line":289,"column":26}},"110":{"start":{"line":291,"column":4},"end":{"line":291,"column":47}},"111":{"start":{"line":292,"column":4},"end":{"line":292,"column":61}},"112":{"start":{"line":297,"column":0},"end":{"line":318,"column":3}},"113":{"start":{"line":298,"column":2},"end":{"line":317,"column":3}},"114":{"start":{"line":299,"column":120},"end":{"line":299,"column":128}},"115":{"start":{"line":300,"column":18},"end":{"line":309,"column":6}},"116":{"start":{"line":310,"column":25},"end":{"line":312,"column":6}},"117":{"start":{"line":313,"column":4},"end":{"line":313,"column":50}},"118":{"start":{"line":315,"column":4},"end":{"line":315,"column":48}},"119":{"start":{"line":316,"column":4},"end":{"line":316,"column":61}},"120":{"start":{"line":321,"column":0},"end":{"line":340,"column":3}},"121":{"start":{"line":322,"column":2},"end":{"line":339,"column":3}},"122":{"start":{"line":323,"column":19},"end":{"line":323,"column":29}},"123":{"start":{"line":324,"column":120},"end":{"line":324,"column":128}},"124":{"start":{"line":325,"column":18},"end":{"line":327,"column":6}},"125":{"start":{"line":328,"column":4},"end":{"line":330,"column":5}},"126":{"start":{"line":329,"column":6},"end":{"line":329,"column":64}},"127":{"start":{"line":331,"column":4},"end":{"line":331,"column":132}},"128":{"start":{"line":332,"column":25},"end":{"line":334,"column":6}},"129":{"start":{"line":335,"column":4},"end":{"line":335,"column":38}},"130":{"start":{"line":337,"column":4},"end":{"line":337,"column":48}},"131":{"start":{"line":338,"column":4},"end":{"line":338,"column":61}},"132":{"start":{"line":343,"column":0},"end":{"line":358,"column":3}},"133":{"start":{"line":344,"column":2},"end":{"line":357,"column":3}},"134":{"start":{"line":345,"column":19},"end":{"line":345,"column":29}},"135":{"start":{"line":346,"column":18},"end":{"line":348,"column":6}},"136":{"start":{"line":349,"column":4},"end":{"line":351,"column":5}},"137":{"start":{"line":350,"column":6},"end":{"line":350,"column":64}},"138":{"start":{"line":352,"column":4},"end":{"line":352,"column":26}},"139":{"start":{"line":353,"column":4},"end":{"line":353,"column":56}},"140":{"start":{"line":355,"column":4},"end":{"line":355,"column":48}},"141":{"start":{"line":356,"column":4},"end":{"line":356,"column":61}},"142":{"start":{"line":363,"column":0},"end":{"line":383,"column":3}},"143":{"start":{"line":364,"column":2},"end":{"line":382,"column":3}},"144":{"start":{"line":365,"column":23},"end":{"line":365,"column":32}},"145":{"start":{"line":366,"column":24},"end":{"line":366,"column":51}},"146":{"start":{"line":367,"column":4},"end":{"line":367,"column":44}},"147":{"start":{"line":367,"column":16},"end":{"line":367,"column":44}},"148":{"start":{"line":368,"column":22},"end":{"line":377,"column":6}},"149":{"start":{"line":378,"column":4},"end":{"line":378,"column":28}},"150":{"start":{"line":380,"column":4},"end":{"line":380,"column":49}},"151":{"start":{"line":381,"column":4},"end":{"line":381,"column":61}},"152":{"start":{"line":386,"column":0},"end":{"line":412,"column":3}},"153":{"start":{"line":387,"column":2},"end":{"line":411,"column":3}},"154":{"start":{"line":388,"column":103},"end":{"line":388,"column":111}},"155":{"start":{"line":389,"column":21},"end":{"line":398,"column":6}},"156":{"start":{"line":399,"column":28},"end":{"line":406,"column":6}},"157":{"start":{"line":407,"column":4},"end":{"line":407,"column":56}},"158":{"start":{"line":409,"column":4},"end":{"line":409,"column":51}},"159":{"start":{"line":410,"column":4},"end":{"line":410,"column":61}},"160":{"start":{"line":415,"column":0},"end":{"line":439,"column":3}},"161":{"start":{"line":416,"column":2},"end":{"line":438,"column":3}},"162":{"start":{"line":417,"column":19},"end":{"line":417,"column":29}},"163":{"start":{"line":418,"column":30},"end":{"line":418,"column":38}},"164":{"start":{"line":419,"column":21},"end":{"line":421,"column":6}},"165":{"start":{"line":422,"column":4},"end":{"line":424,"column":5}},"166":{"start":{"line":423,"column":6},"end":{"line":423,"column":67}},"167":{"start":{"line":425,"column":4},"end":{"line":425,"column":45}},"168":{"start":{"line":426,"column":28},"end":{"line":433,"column":6}},"169":{"start":{"line":434,"column":4},"end":{"line":434,"column":44}},"170":{"start":{"line":436,"column":4},"end":{"line":436,"column":51}},"171":{"start":{"line":437,"column":4},"end":{"line":437,"column":61}},"172":{"start":{"line":442,"column":0},"end":{"line":457,"column":3}},"173":{"start":{"line":443,"column":2},"end":{"line":456,"column":3}},"174":{"start":{"line":444,"column":19},"end":{"line":444,"column":29}},"175":{"start":{"line":445,"column":21},"end":{"line":447,"column":6}},"176":{"start":{"line":448,"column":4},"end":{"line":450,"column":5}},"177":{"start":{"line":449,"column":6},"end":{"line":449,"column":67}},"178":{"start":{"line":451,"column":4},"end":{"line":451,"column":29}},"179":{"start":{"line":452,"column":4},"end":{"line":452,"column":59}},"180":{"start":{"line":454,"column":4},"end":{"line":454,"column":51}},"181":{"start":{"line":455,"column":4},"end":{"line":455,"column":61}},"182":{"start":{"line":460,"column":0},"end":{"line":477,"column":3}},"183":{"start":{"line":461,"column":2},"end":{"line":476,"column":3}},"184":{"start":{"line":462,"column":19},"end":{"line":471,"column":6}},"185":{"start":{"line":472,"column":4},"end":{"line":472,"column":25}},"186":{"start":{"line":474,"column":4},"end":{"line":474,"column":54}},"187":{"start":{"line":475,"column":4},"end":{"line":475,"column":61}},"188":{"start":{"line":480,"column":0},"end":{"line":501,"column":3}},"189":{"start":{"line":481,"column":2},"end":{"line":500,"column":3}},"190":{"start":{"line":482,"column":26},"end":{"line":482,"column":35}},"191":{"start":{"line":483,"column":23},"end":{"line":483,"column":33}},"192":{"start":{"line":484,"column":4},"end":{"line":484,"column":62}},"193":{"start":{"line":485,"column":19},"end":{"line":495,"column":6}},"194":{"start":{"line":496,"column":4},"end":{"line":496,"column":25}},"195":{"start":{"line":498,"column":4},"end":{"line":498,"column":57}},"196":{"start":{"line":499,"column":4},"end":{"line":499,"column":61}},"197":{"start":{"line":503,"column":0},"end":{"line":503,"column":24}}},"fnMap":{"0":{"name":"(anonymous_0)","decl":{"start":{"line":14,"column":16},"end":{"line":14,"column":17}},"loc":{"start":{"line":14,"column":36},"end":{"line":39,"column":1}},"line":14},"1":{"name":"(anonymous_1)","decl":{"start":{"line":42,"column":98},"end":{"line":42,"column":99}},"loc":{"start":{"line":42,"column":118},"end":{"line":98,"column":1}},"line":42},"2":{"name":"(anonymous_2)","decl":{"start":{"line":101,"column":63},"end":{"line":101,"column":64}},"loc":{"start":{"line":101,"column":83},"end":{"line":123,"column":1}},"line":101},"3":{"name":"(anonymous_3)","decl":{"start":{"line":126,"column":63},"end":{"line":126,"column":64}},"loc":{"start":{"line":126,"column":83},"end":{"line":202,"column":1}},"line":126},"4":{"name":"(anonymous_4)","decl":{"start":{"line":207,"column":25},"end":{"line":207,"column":26}},"loc":{"start":{"line":207,"column":45},"end":{"line":218,"column":1}},"line":207},"5":{"name":"(anonymous_5)","decl":{"start":{"line":221,"column":26},"end":{"line":221,"column":27}},"loc":{"start":{"line":221,"column":46},"end":{"line":237,"column":1}},"line":221},"6":{"name":"(anonymous_6)","decl":{"start":{"line":240,"column":29},"end":{"line":240,"column":30}},"loc":{"start":{"line":240,"column":49},"end":{"line":256,"column":1}},"line":240},"7":{"name":"(anonymous_7)","decl":{"start":{"line":259,"column":32},"end":{"line":259,"column":33}},"loc":{"start":{"line":259,"column":52},"end":{"line":274,"column":1}},"line":259},"8":{"name":"(anonymous_8)","decl":{"start":{"line":279,"column":23},"end":{"line":279,"column":24}},"loc":{"start":{"line":279,"column":43},"end":{"line":294,"column":1}},"line":279},"9":{"name":"(anonymous_9)","decl":{"start":{"line":297,"column":24},"end":{"line":297,"column":25}},"loc":{"start":{"line":297,"column":44},"end":{"line":318,"column":1}},"line":297},"10":{"name":"(anonymous_10)","decl":{"start":{"line":321,"column":27},"end":{"line":321,"column":28}},"loc":{"start":{"line":321,"column":47},"end":{"line":340,"column":1}},"line":321},"11":{"name":"(anonymous_11)","decl":{"start":{"line":343,"column":30},"end":{"line":343,"column":31}},"loc":{"start":{"line":343,"column":50},"end":{"line":358,"column":1}},"line":343},"12":{"name":"(anonymous_12)","decl":{"start":{"line":363,"column":25},"end":{"line":363,"column":26}},"loc":{"start":{"line":363,"column":45},"end":{"line":383,"column":1}},"line":363},"13":{"name":"(anonymous_13)","decl":{"start":{"line":386,"column":26},"end":{"line":386,"column":27}},"loc":{"start":{"line":386,"column":46},"end":{"line":412,"column":1}},"line":386},"14":{"name":"(anonymous_14)","decl":{"start":{"line":415,"column":29},"end":{"line":415,"column":30}},"loc":{"start":{"line":415,"column":49},"end":{"line":439,"column":1}},"line":415},"15":{"name":"(anonymous_15)","decl":{"start":{"line":442,"column":32},"end":{"line":442,"column":33}},"loc":{"start":{"line":442,"column":52},"end":{"line":457,"column":1}},"line":442},"16":{"name":"(anonymous_16)","decl":{"start":{"line":460,"column":30},"end":{"line":460,"column":31}},"loc":{"start":{"line":460,"column":50},"end":{"line":477,"column":1}},"line":460},"17":{"name":"(anonymous_17)","decl":{"start":{"line":480,"column":33},"end":{"line":480,"column":34}},"loc":{"start":{"line":480,"column":53},"end":{"line":501,"column":1}},"line":480}},"branchMap":{"0":{"loc":{"start":{"line":20,"column":4},"end":{"line":20,"column":56}},"type":"if","locations":[{"start":{"line":20,"column":4},"end":{"line":20,"column":56}},{"start":{},"end":{}}],"line":20},"1":{"loc":{"start":{"line":21,"column":4},"end":{"line":21,"column":59}},"type":"if","locations":[{"start":{"line":21,"column":4},"end":{"line":21,"column":59}},{"start":{},"end":{}}],"line":21},"2":{"loc":{"start":{"line":22,"column":4},"end":{"line":26,"column":5}},"type":"if","locations":[{"start":{"line":22,"column":4},"end":{"line":26,"column":5}},{"start":{},"end":{}}],"line":22},"3":{"loc":{"start":{"line":56,"column":4},"end":{"line":83,"column":5}},"type":"if","locations":[{"start":{"line":56,"column":4},"end":{"line":83,"column":5}},{"start":{"line":77,"column":11},"end":{"line":83,"column":5}}],"line":56},"4":{"loc":{"start":{"line":65,"column":6},"end":{"line":67,"column":7}},"type":"if","locations":[{"start":{"line":65,"column":6},"end":{"line":67,"column":7}},{"start":{},"end":{}}],"line":65},"5":{"loc":{"start":{"line":65,"column":10},"end":{"line":65,"column":31}},"type":"binary-expr","locations":[{"start":{"line":65,"column":10},"end":{"line":65,"column":18}},{"start":{"line":65,"column":22},"end":{"line":65,"column":31}}],"line":65},"6":{"loc":{"start":{"line":74,"column":19},"end":{"line":74,"column":33}},"type":"binary-expr","locations":[{"start":{"line":74,"column":19},"end":{"line":74,"column":28}},{"start":{"line":74,"column":32},"end":{"line":74,"column":33}}],"line":74},"7":{"loc":{"start":{"line":75,"column":23},"end":{"line":75,"column":41}},"type":"binary-expr","locations":[{"start":{"line":75,"column":23},"end":{"line":75,"column":36}},{"start":{"line":75,"column":40},"end":{"line":75,"column":41}}],"line":75},"8":{"loc":{"start":{"line":80,"column":19},"end":{"line":80,"column":76}},"type":"cond-expr","locations":[{"start":{"line":80,"column":45},"end":{"line":80,"column":54}},{"start":{"line":80,"column":57},"end":{"line":80,"column":76}}],"line":80},"9":{"loc":{"start":{"line":81,"column":23},"end":{"line":81,"column":92}},"type":"cond-expr","locations":[{"start":{"line":81,"column":53},"end":{"line":81,"column":66}},{"start":{"line":81,"column":69},"end":{"line":81,"column":92}}],"line":81},"10":{"loc":{"start":{"line":114,"column":4},"end":{"line":116,"column":5}},"type":"if","locations":[{"start":{"line":114,"column":4},"end":{"line":116,"column":5}},{"start":{},"end":{}}],"line":114},"11":{"loc":{"start":{"line":130,"column":4},"end":{"line":132,"column":5}},"type":"if","locations":[{"start":{"line":130,"column":4},"end":{"line":132,"column":5}},{"start":{},"end":{}}],"line":130},"12":{"loc":{"start":{"line":147,"column":6},"end":{"line":179,"column":7}},"type":"if","locations":[{"start":{"line":147,"column":6},"end":{"line":179,"column":7}},{"start":{"line":173,"column":13},"end":{"line":179,"column":7}}],"line":147},"13":{"loc":{"start":{"line":155,"column":8},"end":{"line":163,"column":9}},"type":"if","locations":[{"start":{"line":155,"column":8},"end":{"line":163,"column":9}},{"start":{},"end":{}}],"line":155},"14":{"loc":{"start":{"line":155,"column":12},"end":{"line":155,"column":33}},"type":"binary-expr","locations":[{"start":{"line":155,"column":12},"end":{"line":155,"column":20}},{"start":{"line":155,"column":24},"end":{"line":155,"column":33}}],"line":155},"15":{"loc":{"start":{"line":170,"column":21},"end":{"line":170,"column":35}},"type":"binary-expr","locations":[{"start":{"line":170,"column":21},"end":{"line":170,"column":30}},{"start":{"line":170,"column":34},"end":{"line":170,"column":35}}],"line":170},"16":{"loc":{"start":{"line":171,"column":25},"end":{"line":171,"column":43}},"type":"binary-expr","locations":[{"start":{"line":171,"column":25},"end":{"line":171,"column":38}},{"start":{"line":171,"column":42},"end":{"line":171,"column":43}}],"line":171},"17":{"loc":{"start":{"line":176,"column":21},"end":{"line":176,"column":78}},"type":"cond-expr","locations":[{"start":{"line":176,"column":47},"end":{"line":176,"column":56}},{"start":{"line":176,"column":59},"end":{"line":176,"column":78}}],"line":176},"18":{"loc":{"start":{"line":177,"column":25},"end":{"line":177,"column":94}},"type":"cond-expr","locations":[{"start":{"line":177,"column":55},"end":{"line":177,"column":68}},{"start":{"line":177,"column":71},"end":{"line":177,"column":94}}],"line":177},"19":{"loc":{"start":{"line":247,"column":4},"end":{"line":249,"column":5}},"type":"if","locations":[{"start":{"line":247,"column":4},"end":{"line":249,"column":5}},{"start":{},"end":{}}],"line":247},"20":{"loc":{"start":{"line":265,"column":4},"end":{"line":267,"column":5}},"type":"if","locations":[{"start":{"line":265,"column":4},"end":{"line":267,"column":5}},{"start":{},"end":{}}],"line":265},"21":{"loc":{"start":{"line":283,"column":4},"end":{"line":283,"column":56}},"type":"if","locations":[{"start":{"line":283,"column":4},"end":{"line":283,"column":56}},{"start":{},"end":{}}],"line":283},"22":{"loc":{"start":{"line":328,"column":4},"end":{"line":330,"column":5}},"type":"if","locations":[{"start":{"line":328,"column":4},"end":{"line":330,"column":5}},{"start":
[...]
"start":{"line":558,"column":4},"end":{"line":560,"column":5}},{"start":{},"end":{}}],"line":558},"44":{"loc":{"start":{"line":593,"column":24},"end":{"line":593,"column":35}},"type":"default-arg","locations":[{"start":{"line":593,"column":34},"end":{"line":593,"column":35}}],"line":593},"45":{"loc":{"start":{"line":595,"column":4},"end":{"line":597,"column":5}},"type":"if","locations":[{"start":{"line":595,"column":4},"end":{"line":597,"column":5}},{"start":{},"end":{}}],"line":595},"46":{"loc":{"start":{"line":632,"column":4},"end":{"line":634,"column":5}},"type":"if","locations":[{"start":{"line":632,"column":4},"end":{"line":634,"column":5}},{"start":{},"end":{}}],"line":632},"47":{"loc":{"start":{"line":638,"column":4},"end":{"line":640,"column":5}},"type":"if","locations":[{"start":{"line":638,"column":4},"end":{"line":640,"column":5}},{"start":{},"end":{}}],"line":638},"48":{"loc":{"start":{"line":685,"column":4},"end":{"line":689,"column":5}},"type":"if","locations":[{"start":{"line":685,"column":4},"end":{"line":689,"column":5}},{"start":{},"end":{}}],"line":685},"49":{"loc":{"start":{"line":685,"column":8},"end":{"line":685,"column":30}},"type":"binary-expr","locations":[{"start":{"line":685,"column":8},"end":{"line":685,"column":18}},{"start":{"line":685,"column":22},"end":{"line":685,"column":30}}],"line":685},"50":{"loc":{"start":{"line":691,"column":4},"end":{"line":693,"column":5}},"type":"if","locations":[{"start":{"line":691,"column":4},"end":{"line":693,"column":5}},{"start":{},"end":{}}],"line":691},"51":{"loc":{"start":{"line":708,"column":4},"end":{"line":710,"column":5}},"type":"if","locations":[{"start":{"line":708,"column":4},"end":{"line":710,"column":5}},{"start":{},"end":{}}],"line":708},"52":{"loc":{"start":{"line":767,"column":4},"end":{"line":771,"column":5}},"type":"if","locations":[{"start":{"line":767,"column":4},"end":{"line":771,"column":5}},{"start":{},"end":{}}],"line":767},"53":{"loc":{"start":{"line":767,"column":8},"end":{"line":767,"column":30}},"type":"binary-expr","locations":[{"start":{"line":767,"column":8},"end":{"line":767,"column":18}},{"start":{"line":767,"column":22},"end":{"line":767,"column":30}}],"line":767}},"s":{"0":0,"1":0,"2":0,"3":0,"4":0,"5":0,"6":0,"7":0,"8":0,"9":0,"10":0,"11":0,"12":0,"13":0,"14":0,"15":0,"16":0,"17":0,"18":0,"19":0,"20":0,"21":0,"22":0,"23":0,"24":0,"25":0,"26":0,"27":0,"28":0,"29":0,"30":0,"31":0,"32":0,"33":0,"34":0,"35":0,"36":0,"37":0,"38":0,"39":0,"40":0,"41":0,"42":0,"43":0,"44":0,"45":0,"46":0,"47":0,"48":0,"49":0,"50":0,"51":0,"52":0,"53":0,"54":0,"55":0,"56":0,"57":0,"58":0,"59":0,"60":0,"61":0,"62":0,"63":0,"64":0,"65":0,"66":0,"67":0,"68":0,"69":0,"70":0,"71":0,"72":0,"73":0,"74":0,"75":0,"76":0,"77":0,"78":0,"79":0,"80":0,"81":0,"82":0,"83":0,"84":0,"85":0,"86":0,"87":0,"88":0,"89":0,"90":0,"91":0,"92":0,"93":0,"94":0,"95":0,"96":0,"97":0,"98":0,"99":0,"100":0,"101":0,"102":0,"103":0,"104":0,"105":0,"106":0,"107":0,"108":0,"109":0,"110":0,"111":0,"112":0,"113":0,"114":0,"115":0,"116":0,"117":0,"118":0,"119":0,"120":0,"121":0,"122":0,"123":0,"124":0,"125":0,"126":0,"127":0,"128":0,"129":0,"130":0,"131":0,"132":0,"133":0,"134":0,"135":0,"136":0,"137":0,"138":0,"139":0,"140":0,"141":0,"142":0,"143":0,"144":0,"145":0,"146":0,"147":0,"148":0,"149":0,"150":0,"151":0,"152":0,"153":0,"154":0,"155":0,"156":0,"157":0,"158":0,"159":0,"160":0,"161":0,"162":0,"163":0,"164":0,"165":0,"166":0,"167":0,"168":0,"169":0,"170":0,"171":0,"172":0,"173":0,"174":0,"175":0,"176":0,"177":0,"178":0,"179":0,"180":0,"181":0,"182":0,"183":0,"184":0,"185":0,"186":0,"187":0,"188":0,"189":0,"190":0,"191":0,"192":0,"193":0,"194":0,"195":0,"196":0,"197":0,"198":0,"199":0,"200":0,"201":0,"202":0,"203":0,"204":0,"205":0,"206":0,"207":0,"208":0,"209":0,"210":0,"211":0,"212":0,"213":0,"214":0,"215":0,"216":0,"217":0,"218":0,"219":0,"220":0,"221":0,"222":0,"223":0,"224":0,"225":0,"226":0,"227":0,"228":0,"229":0,"230":0,"231":0,"232":0,"233":0,"234":0,"235":0,"236":0,"237":0,"238":0,"239":0,"240":0,"241":0,"242":0,"243":0,"244":0,"245":0,"246":0,"247":0,"248":0,"249":0,"250":0,"251":0,"252":0,"253":0,"254":0,"255":0,"256":0,"257":0,"258":0,"259":0,"260":0,"261":0,"262":0,"263":0,"264":0,"265":0,"266":0},"f":{"0":0,"1":0,"2":0,"3":0,"4":0,"5":0,"6":0,"7":0,"8":0,"9":0,"10":0,"11":0,"12":0,"13":0,"14":0,"15":0,"16":0,"17":0,"18":0,"19":0,"20":0},"b":{"0":[0],"1":[0,0],"2":[0,0],"3":[0,0],"4":[0,0],"5":[0,0],"6":[0,0],"7":[0,0],"8":[0,0],"9":[0,0],"10":[0,0],"11":[0,0],"12":[0,0],"13":[0,0],"14":[0],"15":[0,0],"16":[0,0],"17":[0,0],"18":[0,0],"19":[0],"20":[0,0],"21":[0,0],"22":[0],"23":[0,0],"24":[0,0],"25":[0,0],"26":[0,0],"27":[0],"28":[0,0],"29":[0,0],"30":[0,0],"31":[0,0],"32":[0],"33":[0,0],"34":[0,0],"35":[0,0],"36":[0,0],"37":[0,0],"38":[0,0],"39":[0,0],"40":[0,0],"41":[0,0],"42":[0],"43":[0,0],"44":[0],"45":[0,0],"46":[0,0],"47":[0,0],"48":[0,0],"49":[0,0],"50":[0,0],"51":[0,0],"52":[0,0],"53":[0,0]}}
,"/Users/rajivchaudhri/Documents/GitHubApps/PosApp/PosSellApp/backend/routes/transactions.js": {"path":"/Users/rajivchaudhri/Documents/GitHubApps/PosApp/PosSellApp/backend/routes/transactions.js","statementMap":{"0":{"start":{"line":1,"column":16},"end":{"line":1,"column":34}},"1":{"start":{"line":2,"column":81},"end":{"line":2,"column":101}},"2":{"start":{"line":3,"column":43},"end":{"line":3,"column":72}},"3":{"start":{"line":4,"column":30},"end":{"line":4,"column":65}},"4":{"start":{"line":5,"column":31},"end":{"line":5,"column":68}},"5":{"start":{"line":6,"column":22},"end":{"line":6,"column":51}},"6":{"start":{"line":8,"column":15},"end":{"line":8,"column":31}},"7":{"start":{"line":11,"column":0},"end":{"line":11,"column":35}},"8":{"start":{"line":12,"column":0},"end":{"line":12,"column":30}},"9":{"start":{"line":15,"column":0},"end":{"line":149,"column":3}},"10":{"start":{"line":16,"column":22},"end":{"line":16,"column":51}},"11":{"start":{"line":18,"column":2},"end":{"line":148,"column":3}},"12":{"start":{"line":19,"column":85},"end":{"line":19,"column":93}},"13":{"start":{"line":22,"column":21},"end":{"line":25,"column":6}},"14":{"start":{"line":27,"column":4},"end":{"line":30,"column":5}},"15":{"start":{"line":28,"column":6},"end":{"line":28,"column":35}},"16":{"start":{"line":29,"column":6},"end":{"line":29,"column":67}},"17":{"start":{"line":33,"column":4},"end":{"line":43,"column":5}},"18":{"start":{"line":34,"column":23},"end":{"line":37,"column":8}},"19":{"start":{"line":39,"column":6},"end":{"line":42,"column":7}},"20":{"start":{"line":40,"column":8},"end":{"line":40,"column":37}},"21":{"start":{"line":41,"column":8},"end":{"line":41,"column":69}},"22":{"start":{"line":45,"column":22},"end":{"line":45,"column":23}},"23":{"start":{"line":46,"column":29},"end":{"line":46,"column":31}},"24":{"start":{"line":49,"column":4},"end":{"line":91,"column":5}},"25":{"start":{"line":50,"column":22},"end":{"line":53,"column":8}},"26":{"start":{"line":55,"column":6},"end":{"line":58,"column":7}},"27":{"start":{"line":56,"column":8},"end":{"line":56,"column":37}},"28":{"start":{"line":57,"column":8},"end":{"line":57,"column":87}},"29":{"start":{"line":61,"column":24},"end":{"line":68,"column":8}},"30":{"start":{"line":70,"column":6},"end":{"line":75,"column":7}},"31":{"start":{"line":71,"column":8},"end":{"line":71,"column":37}},"32":{"start":{"line":72,"column":8},"end":{"line":74,"column":11}},"33":{"start":{"line":77,"column":24},"end":{"line":77,"column":65}},"34":{"start":{"line":78,"column":6},"end":{"line":78,"column":31}},"35":{"start":{"line":80,"column":6},"end":{"line":85,"column":9}},"36":{"start":{"line":88,"column":6},"end":{"line":90,"column":26}},"37":{"start":{"line":94,"column":4},"end":{"line":94,"column":35}},"38":{"start":{"line":95,"column":4},"end":{"line":95,"column":41}},"39":{"start":{"line":95,"column":25},"end":{"line":95,"column":41}},"40":{"start":{"line":98,"column":4},"end":{"line":103,"column":5}},"41":{"start":{"line":99,"column":6},"end":{"line":99,"column":35}},"42":{"start":{"line":100,"column":6},"end":{"line":102,"column":9}},"43":{"start":{"line":106,"column":27},"end":{"line":115,"column":23}},"44":{"start":{"line":118,"column":4},"end":{"line":123,"column":5}},"45":{"start":{"line":119,"column":6},"end":{"line":122,"column":26}},"46":{"start":{"line":125,"column":4},"end":{"line":125,"column":31}},"47":{"start":{"line":128,"column":32},"end":{"line":137,"column":6}},"48":{"start":{"line":139,"column":4},"end":{"line":142,"column":7}},"49":{"start":{"line":145,"column":4},"end":{"line":145,"column":33}},"50":{"start":{"line":146,"column":4},"end":{"line":146,"column":56}},"51":{"start":{"line":147,"column":4},"end":{"line":147,"column":61}},"52":{"start":{"line":152,"column":0},"end":{"line":193,"column":3}},"53":{"start":{"line":153,"column":2},"end":{"line":192,"column":3}},"54":{"start":{"line":154,"column":85},"end":{"line":154,"column":94}},"55":{"start":{"line":156,"column":24},"end":{"line":156,"column":51}},"56":{"start":{"line":158,"column":4},"end":{"line":158,"column":59}},"57":{"start":{"line":158,"column":21},"end":{"line":158,"column":59}},"58":{"start":{"line":159,"column":4},"end":{"line":159,"column":59}},"59":{"start":{"line":159,"column":21},"end":{"line":159,"column":59}},"60":{"start":{"line":160,"column":4},"end":{"line":164,"column":5}},"61":{"start":{"line":161,"column":6},"end":{"line":163,"column":8}},"62":{"start":{"line":166,"column":25},"end":{"line":179,"column":6}},"63":{"start":{"line":181,"column":4},"end":{"line":188,"column":7}},"64":{"start":{"line":190,"column":4},"end":{"line":190,"column":52}},"65":{"start":{"line":191,"column":4},"end":{"line":191,"column":61}},"66":{"start":{"line":196,"column":0},"end":{"line":222,"column":3}},"67":{"start":{"line":197,"column":2},"end":{"line":221,"column":3}},"68":{"start":{"line":198,"column":24},"end":{"line":211,"column":6}},"69":{"start":{"line":213,"column":4},"end":{"line":215,"column":5}},"70":{"start":{"line":214,"column":6},"end":{"line":214,"column":70}},"71":{"start":{"line":217,"column":4},"end":{"line":217,"column":30}},"72":{"start":{"line":219,"column":4},"end":{"line":219,"column":51}},"73":{"start":{"line":220,"column":4},"end":{"line":220,"column":61}},"74":{"start":{"line":224,"column":0},"end":{"line":224,"column":24}}},"fnMap":{"0":{"name":"(anonymous_0)","decl":{"start":{"line":15,"column":54},"end":{"line":15,"column":55}},"loc":{"start":{"line":15,"column":74},"end":{"line":149,"column":1}},"line":15},"1":{"name":"(anonymous_1)","decl":{"start":{"line":152,"column":16},"end":{"line":152,"column":17}},"loc":{"start":{"line":152,"column":36},"end":{"line":193,"column":1}},"line":152},"2":{"name":"(anonymous_2)","decl":{"start":{"line":196,"column":19},"end":{"line":196,"column":20}},"loc":{"start":{"line":196,"column":39},"end":{"line":222,"column":1}},"line":196}},"branchMap":{"0":{"loc":{"start":{"line":19,"column":61},"end":{"line":19,"column":80}},"type":"default-arg","locations":[{"start":{"line":19,"column":79},"end":{"line":19,"column":80}}],"line":19},"1":{"loc":{"start":{"line":27,"column":4},"end":{"line":30,"column":5}},"type":"if","locations":[{"start":{"line":27,"column":4},"end":{"line":30,"column":5}},{"start":{},"end":{}}],"line":27},"2":{"loc":{"start":{"line":33,"column":4},"end":{"line":43,"column":5}},"type":"if","locations":[{"start":{"line":33,"column":4},"end":{"line":43,"column":5}},{"start":{},"end":{}}],"line":33},"3":{"loc":{"start":{"line":39,"column":6},"end":{"line":42,"column":7}},"type":"if","locations":[{"start":{"line":39,"column":6},"end":{"line":42,"column":7}},{"start":{},"end":{}}],"line":39},"4":{"loc":{"start":{"line":55,"column":6},"end":{"line":58,"column":7}},"type":"if","locations":[{"start":{"line":55,"column":6},"end":{"line":58,"column":7}},{"start":{},"end":{}}],"line":55},"5":{"loc":{"start":{"line":70,"column":6},"end":{"line":75,"column":7}},"type":"if","locations":[{"start":{"line":70,"column":6},"end":{"line":75,"column":7}},{"start":{},"end":{}}],"line":70},"6":{"loc":{"start":{"line":70,"column":10},"end":{"line":70,"column":58}},"type":"binary-expr","locations":[{"start":{"line":70,"column":10},"end":{"line":70,"column":20}},{"start":{"line":70,"column":24},"end":{"line":70,"column":58}}],"line":70},"7":{"loc":{"start":{"line":95,"column":4},"end":{"line":95,"column":41}},"type":"if","locations":[{"start":{"line":95,"column":4},"end":{"line":95,"column":41}},{"start":{},"end":{}}],"line":95},"8":{"loc":{"start":{"line":98,"column":4},"end":{"line":103,"column":5}},"type":"if","locations":[{"start":{"line":98,"column":4},"end":{"line":103,"column":5}},{"start":{},"end":{}}],"line":98},"9":{"loc":{"start":{"line":154,"column":12},"end":{"line":154,"column":20}},"type":"default-arg","locations":[{"start":{"line":154,"column":19},"end":{"line":154,"column":20}}],"line":154},"10":{"loc":{"start":{"line":154,"column":22},"end":{"line":154,"column":32}},"type":"default-arg","locations":[{"start":{"line":154,"column":30},"end":{"line":154,"column":32}}],"line":154},"11":{"loc":{"start":{"line":158,"column":4},"end":{"line":158,"column":59}},"type":"if","locations":[{"start":{"line":158,"column":4},"end":{"line":158,"column":59}},{"start":{},"end":{}}],"line":158},"12":{"loc":{"start":{"line":159,"column":4},"end":{"line":159,"column":59}},"type":"if","locations":[{"start":{"line":159,"column":4},"end":{"line":159,"column":59}},{"start":{},"end":{}}],"line":159},"13":{"loc":{"start":{"line":160,"column":4},"end":{"line":164,"column":5}},"type":"if","locations":[{"start":{"line":160,"column":4},"end":{"line":164,"column":5}},{"start":{},"end":{}}],"line":160},"14":{"loc":{"start":{"line":160,"column":8},"end":{"line":160,"column":30}},"type":"binary-expr","locations":[{"start":{"line":160,"column":8},"end":{"line":160,"column":18}},{"start":{"line":160,"column":22},"end":{"line":160,"column":30}}],"line":160},"15":{"loc":{"start":{"line":213,"column":4},"end":{"line":215,"column":5}},"type":"if","locations":[{"start":{"line":213,"column":4},"end":{"line":215,"column":5}},{"start":{},"end":{}}],"line":213}},"s":{"0":0,"1":0,"2":0,"3":0,"4":0,"5":0,"6":0,"7":0,"8":0,"9":0,"10":0,"11":0,"12":0,"13":0,"14":0,"15":0,"16":0,"17":0,"18":0,"19":0,"20":0,"21":0,"22":0,"23":0,"24":0,"25":0,"26":0,"27":0,"28":0,"29":0,"30":0,"31":0,"32":0,"33":0,"34":0,"35":0,"36":0,"37":0,"38":0,"39":0,"40":0,"41":0,"42":0,"43":0,"44":0,"45":0,"46":0,"47":0,"48":0,"49":0,"50":0,"51":0,"52":0,"53":0,"54":0,"55":0,"56":0,"57":0,"58":0,"59":0,"60":0,"61":0,"62":0,"63":0,"64":0,"65":0,"66":0,"67":0,"68":0,"69":0,"70":0,"71":0,"72":0,"73":0,"74":0},"f":{"0":0,"1":0,"2":0},"b":{"0":[0],"1":[0,0],"2":[0,0],"3":[0,0],"4":[0,0],"5":[0,0],"6":[0,0],"7":[0,0],"8":[0,0],"9":[0],"10":[0],"11":[0,0],"12":[0,0],"13":[0,0],"14":[0,0],"15":[0,0]}}
,"/Users/rajivchaudhri/Documents/GitHubApps/PosApp/PosSellApp/backend/utils/encryption.js": {"path":"/Users/rajivchaudhri/Documents/GitHubApps/PosApp/PosSellApp/backend/utils/encryption.js","statementMap":{"0":{"start":{"line":1,"column":15},"end":{"line":1,"column":32}},"1":{"start":{"line":4,"column":23},"end":{"line":4,"column":92}},"2":{"start":{"line":5,"column":18},"end":{"line":5,"column":31}},"3":{"start":{"line":9,"column":15},"end":{"line":9,"column":37}},"4":{"start":{"line":10,"column":19},"end":{"line":10,"column":65}},"5":{"start":{"line":11,"column":20},"end":{"line":11,"column":54}},"6":{"start":{"line":12,"column":4},"end":{"line":12,"column":37}},"7":{"start":{"line":13,"column":4},"end":{"line":13,"column":48}},"8":{"start":{"line":17,"column":18},"end":{"line":17,"column":33}},"9":{"start":{"line":18,"column":15},"end":{"line":18,"column":48}},"10":{"start":{"line":19,"column":26},"end":{"line":19,"column":61}},"11":{"start":{"line":20,"column":21},"end":{"line":20,"column":69}},"12":{"start":{"line":21,"column":20},"end":{"line":21,"column":50}},"13":{"start":{"line":22,"column":4},"end":{"line":22,"column":40}},"14":{"start":{"line":23,"column":4},"end":{"line":23,"column":21}},"15":{"start":{"line":28,"column":4},"end":{"line":28,"column":66}},"16":{"start":{"line":32,"column":0},"end":{"line":32,"column":28}}},"fnMap":{"0":{"name":"(anonymous_0)","decl":{"start":{"line":8,"column":2},"end":{"line":8,"column":3}},"loc":{"start":{"line":8,"column":23},"end":{"line":14,"column":3}},"line":8},"1":{"name":"(anonymous_1)","decl":{"start":{"line":16,"column":2},"end":{"line":16,"column":3}},"loc":{"start":{"line":16,"column":23},"end":{"line":24,"column":3}},"line":16},"2":{"name":"(anonymous_2)","decl":{"start":{"line":27,"column":2},"end":{"line":27,"column":3}},"loc":{"start":{"line":27,"column":20},"end":{"line":29,"column":3}},"line":27}},"branchMap":{"0":{"loc":{"start":{"line":4,"column":23},"end":{"line":4,"column":92}},"type":"binary-expr","locations":[{"start":{"line":4,"column":23},"end":{"line":4,"column":49}},{"start":{"line":4,"column":53},"end":{"line":4,"column":92}}],"line":4}},"s":{"0":0,"1":0,"2":0,"3":0,"4":0,"5":0,"6":0,"7":0,"8":0,"9":0,"10":0,"11":0,"12":0,"13":0,"14":0,"15":0,"16":0},"f":{"0":0,"1":0,"2":0},"b":{"0":[0,0]}}
,"/Users/rajivchaudhri/Documents/GitHubApps/PosApp/PosSellApp/backend/utils/logger.js": {"path":"/Users/rajivchaudhri/Documents/GitHubApps/PosApp/PosSellApp/backend/utils/logger.js","statementMap":{"0":{"start":{"line":1,"column":16},"end":{"line":1,"column":34}},"1":{"start":{"line":4,"column":15},"end":{"line":18,"column":2}},"2":{"start":{"line":21,"column":0},"end":{"line":28,"column":1}},"3":{"start":{"line":22,"column":2},"end":{"line":27,"column":6}},"4":{"start":{"line":31,"column":20},"end":{"line":41,"column":2}},"5":{"start":{"line":43,"column":17},"end":{"line":51,"column":1}},"6":{"start":{"line":44,"column":2},"end":{"line":50,"column":5}},"7":{"start":{"line":53,"column":0},"end":{"line":56,"column":2}}},"fnMap":{"0":{"name":"(anonymous_0)","decl":{"start":{"line":43,"column":17},"end":{"line":43,"column":18}},"loc":{"start":{"line":43,"column":61},"end":{"line":51,"column":1}},"line":43}},"branchMap":{"0":{"loc":{"start":{"line":5,"column":9},"end":{"line":5,"column":40}},"type":"binary-expr","locations":[{"start":{"line":5,"column":9},"end":{"line":5,"column":30}},{"start":{"line":5,"column":34},"end":{"line":5,"column":40}}],"line":5},"1":{"loc":{"start":{"line":21,"column":0},"end":{"line":28,"column":1}},"type":"if","locations":[{"start":{"line":21,"column":0},"end":{"line":28,"column":1}},{"start":{},"end":{}}],"line":21},"2":{"loc":{"start":{"line":43,"column":44},"end":{"line":43,"column":56}},"type":"default-arg","locations":[{"start":{"line":43,"column":54},"end":{"line":43,"column":56}}],"line":43}},"s":{"0":0,"1":0,"2":0,"3":0,"4":0,"5":0,"6":0,"7":0},"f":{"0":0},"b":{"0":[0,0],"1":[0,0],"2":[0]}}
,"/Users/rajivchaudhri/Documents/GitHubApps/PosApp/PosSellApp/backend/utils/mfa.js": {"path":"/Users/rajivchaudhri/Documents/GitHubApps/PosApp/PosSellApp/backend/utils/mfa.js","statementMap":{"0":{"start":{"line":1,"column":18},"end":{"line":1,"column":38}},"1":{"start":{"line":2,"column":15},"end":{"line":2,"column":32}},"2":{"start":{"line":6,"column":4},"end":{"line":9,"column":7}},"3":{"start":{"line":13,"column":4},"end":{"line":13,"column":48}},"4":{"start":{"line":17,"column":4},"end":{"line":22,"column":7}},"5":{"start":{"line":26,"column":0},"end":{"line":26,"column":21}}},"fnMap":{"0":{"name":"(anonymous_0)","decl":{"start":{"line":5,"column":2},"end":{"line":5,"column":3}},"loc":{"start":{"line":5,"column":26},"end":{"line":10,"column":3}},"line":5},"1":{"name":"(anonymous_1)","decl":{"start":{"line":12,"column":2},"end":{"line":12,"column":3}},"loc":{"start":{"line":12,"column":32},"end":{"line":14,"column":3}},"line":12},"2":{"name":"(anonymous_2)","decl":{"start":{"line":16,"column":2},"end":{"line":16,"column":3}},"loc":{"start":{"line":16,"column":36},"end":{"line":23,"column":3}},"line":16}},"branchMap":{},"s":{"0":0,"1":0,"2":0,"3":0,"4":0,"5":0},"f":{"0":0,"1":0,"2":0},"b":{}}
}
